{"/Users/christophertorres/projects/sdcs-slack-bot/server/server.js":{"path":"/Users/christophertorres/projects/sdcs-slack-bot/server/server.js","statementMap":{"0":{"start":{"line":3,"column":17},"end":{"line":3,"column":36}},"1":{"start":{"line":4,"column":13},"end":{"line":4,"column":37}},"2":{"start":{"line":5,"column":13},"end":{"line":5,"column":28}},"3":{"start":{"line":6,"column":16},"end":{"line":6,"column":42}},"4":{"start":{"line":7,"column":0},"end":{"line":7,"column":26}},"5":{"start":{"line":8,"column":12},"end":{"line":8,"column":39}},"6":{"start":{"line":10,"column":0},"end":{"line":10,"column":30}},"7":{"start":{"line":11,"column":0},"end":{"line":11,"column":48}},"8":{"start":{"line":13,"column":25},"end":{"line":13,"column":63}},"9":{"start":{"line":14,"column":29},"end":{"line":14,"column":66}},"10":{"start":{"line":15,"column":29},"end":{"line":15,"column":58}},"11":{"start":{"line":17,"column":14},"end":{"line":17,"column":38}},"12":{"start":{"line":19,"column":13},"end":{"line":19,"column":15}},"13":{"start":{"line":20,"column":0},"end":{"line":25,"column":1}},"14":{"start":{"line":21,"column":2},"end":{"line":21,"column":38}},"15":{"start":{"line":23,"column":2},"end":{"line":23,"column":21}},"16":{"start":{"line":24,"column":2},"end":{"line":24,"column":18}},"17":{"start":{"line":27,"column":0},"end":{"line":29,"column":3}},"18":{"start":{"line":28,"column":2},"end":{"line":28,"column":21}},"19":{"start":{"line":28,"column":11},"end":{"line":28,"column":21}},"20":{"start":{"line":31,"column":0},"end":{"line":33,"column":4}},"21":{"start":{"line":35,"column":0},"end":{"line":39,"column":4}},"22":{"start":{"line":40,"column":0},"end":{"line":40,"column":28}},"23":{"start":{"line":42,"column":0},"end":{"line":42,"column":17}},"24":{"start":{"line":44,"column":0},"end":{"line":48,"column":3}},"25":{"start":{"line":50,"column":0},"end":{"line":54,"column":1}},"26":{"start":{"line":51,"column":10},"end":{"line":51,"column":19}},"27":{"start":{"line":52,"column":2},"end":{"line":52,"column":34}},"28":{"start":{"line":53,"column":2},"end":{"line":53,"column":47}},"29":{"start":{"line":56,"column":0},"end":{"line":58,"column":3}},"30":{"start":{"line":57,"column":2},"end":{"line":57,"column":25}},"31":{"start":{"line":60,"column":0},"end":{"line":62,"column":3}},"32":{"start":{"line":61,"column":2},"end":{"line":61,"column":59}},"33":{"start":{"line":64,"column":0},"end":{"line":78,"column":3}},"34":{"start":{"line":65,"column":16},"end":{"line":65,"column":71}},"35":{"start":{"line":66,"column":2},"end":{"line":77,"column":7}},"36":{"start":{"line":68,"column":6},"end":{"line":72,"column":7}},"37":{"start":{"line":69,"column":8},"end":{"line":69,"column":55}},"38":{"start":{"line":71,"column":8},"end":{"line":71,"column":31}},"39":{"start":{"line":75,"column":6},"end":{"line":75,"column":23}},"40":{"start":{"line":76,"column":6},"end":{"line":76,"column":29}},"41":{"start":{"line":80,"column":0},"end":{"line":94,"column":3}},"42":{"start":{"line":81,"column":16},"end":{"line":81,"column":36}},"43":{"start":{"line":82,"column":2},"end":{"line":93,"column":7}},"44":{"start":{"line":84,"column":6},"end":{"line":88,"column":7}},"45":{"start":{"line":85,"column":8},"end":{"line":85,"column":65}},"46":{"start":{"line":87,"column":8},"end":{"line":87,"column":31}},"47":{"start":{"line":91,"column":6},"end":{"line":91,"column":23}},"48":{"start":{"line":92,"column":6},"end":{"line":92,"column":29}},"49":{"start":{"line":96,"column":0},"end":{"line":110,"column":3}},"50":{"start":{"line":97,"column":16},"end":{"line":97,"column":30}},"51":{"start":{"line":98,"column":19},"end":{"line":98,"column":36}},"52":{"start":{"line":100,"column":2},"end":{"line":109,"column":5}},"53":{"start":{"line":104,"column":4},"end":{"line":106,"column":5}},"54":{"start":{"line":105,"column":6},"end":{"line":105,"column":48}},"55":{"start":{"line":107,"column":4},"end":{"line":107,"column":27}},"56":{"start":{"line":108,"column":4},"end":{"line":108,"column":54}},"57":{"start":{"line":112,"column":0},"end":{"line":126,"column":3}},"58":{"start":{"line":113,"column":16},"end":{"line":113,"column":36}},"59":{"start":{"line":114,"column":2},"end":{"line":125,"column":7}},"60":{"start":{"line":116,"column":6},"end":{"line":120,"column":7}},"61":{"start":{"line":117,"column":8},"end":{"line":117,"column":65}},"62":{"start":{"line":119,"column":8},"end":{"line":119,"column":31}},"63":{"start":{"line":123,"column":6},"end":{"line":123,"column":23}},"64":{"start":{"line":124,"column":6},"end":{"line":124,"column":29}},"65":{"start":{"line":128,"column":0},"end":{"line":142,"column":3}},"66":{"start":{"line":129,"column":16},"end":{"line":129,"column":36}},"67":{"start":{"line":130,"column":2},"end":{"line":141,"column":7}},"68":{"start":{"line":132,"column":6},"end":{"line":136,"column":7}},"69":{"start":{"line":133,"column":8},"end":{"line":133,"column":65}},"70":{"start":{"line":135,"column":8},"end":{"line":135,"column":31}},"71":{"start":{"line":139,"column":6},"end":{"line":139,"column":23}},"72":{"start":{"line":140,"column":6},"end":{"line":140,"column":29}},"73":{"start":{"line":144,"column":0},"end":{"line":152,"column":3}},"74":{"start":{"line":145,"column":2},"end":{"line":149,"column":3}},"75":{"start":{"line":146,"column":4},"end":{"line":148,"column":7}},"76":{"start":{"line":150,"column":2},"end":{"line":150,"column":15}},"77":{"start":{"line":151,"column":2},"end":{"line":151,"column":20}},"78":{"start":{"line":154,"column":0},"end":{"line":164,"column":2}},"79":{"start":{"line":155,"column":2},"end":{"line":163,"column":5}},"80":{"start":{"line":156,"column":4},"end":{"line":156,"column":24}},"81":{"start":{"line":157,"column":20},"end":{"line":157,"column":53}},"82":{"start":{"line":158,"column":4},"end":{"line":158,"column":56}},"83":{"start":{"line":159,"column":4},"end":{"line":162,"column":5}},"84":{"start":{"line":160,"column":27},"end":{"line":160,"column":75}},"85":{"start":{"line":161,"column":6},"end":{"line":161,"column":73}},"86":{"start":{"line":166,"column":0},"end":{"line":168,"column":1}},"87":{"start":{"line":167,"column":2},"end":{"line":167,"column":14}},"88":{"start":{"line":171,"column":2},"end":{"line":196,"column":7}},"89":{"start":{"line":173,"column":6},"end":{"line":195,"column":7}},"90":{"start":{"line":174,"column":8},"end":{"line":191,"column":13}},"91":{"start":{"line":176,"column":12},"end":{"line":190,"column":13}},"92":{"start":{"line":177,"column":14},"end":{"line":186,"column":19}},"93":{"start":{"line":180,"column":18},"end":{"line":185,"column":19}},"94":{"start":{"line":181,"column":20},"end":{"line":181,"column":40}},"95":{"start":{"line":184,"column":20},"end":{"line":184,"column":42}},"96":{"start":{"line":189,"column":14},"end":{"line":189,"column":36}},"97":{"start":{"line":194,"column":8},"end":{"line":194,"column":30}}},"fnMap":{"0":{"name":"(anonymous_0)","decl":{"start":{"line":27,"column":21},"end":{"line":27,"column":22}},"loc":{"start":{"line":27,"column":35},"end":{"line":29,"column":1}},"line":27},"1":{"name":"(anonymous_1)","decl":{"start":{"line":56,"column":13},"end":{"line":56,"column":14}},"loc":{"start":{"line":56,"column":27},"end":{"line":58,"column":1}},"line":56},"2":{"name":"(anonymous_2)","decl":{"start":{"line":60,"column":18},"end":{"line":60,"column":19}},"loc":{"start":{"line":60,"column":32},"end":{"line":62,"column":1}},"line":60},"3":{"name":"(anonymous_3)","decl":{"start":{"line":64,"column":17},"end":{"line":64,"column":18}},"loc":{"start":{"line":64,"column":31},"end":{"line":78,"column":1}},"line":64},"4":{"name":"(anonymous_4)","decl":{"start":{"line":67,"column":10},"end":{"line":67,"column":11}},"loc":{"start":{"line":67,"column":22},"end":{"line":73,"column":5}},"line":67},"5":{"name":"(anonymous_5)","decl":{"start":{"line":74,"column":11},"end":{"line":74,"column":12}},"loc":{"start":{"line":74,"column":18},"end":{"line":77,"column":5}},"line":74},"6":{"name":"(anonymous_6)","decl":{"start":{"line":80,"column":22},"end":{"line":80,"column":23}},"loc":{"start":{"line":80,"column":36},"end":{"line":94,"column":1}},"line":80},"7":{"name":"(anonymous_7)","decl":{"start":{"line":83,"column":10},"end":{"line":83,"column":11}},"loc":{"start":{"line":83,"column":22},"end":{"line":89,"column":5}},"line":83},"8":{"name":"(anonymous_8)","decl":{"start":{"line":90,"column":11},"end":{"line":90,"column":12}},"loc":{"start":{"line":90,"column":18},"end":{"line":93,"column":5}},"line":90},"9":{"name":"(anonymous_9)","decl":{"start":{"line":96,"column":23},"end":{"line":96,"column":24}},"loc":{"start":{"line":96,"column":37},"end":{"line":110,"column":1}},"line":96},"10":{"name":"(anonymous_10)","decl":{"start":{"line":103,"column":13},"end":{"line":103,"column":14}},"loc":{"start":{"line":103,"column":34},"end":{"line":109,"column":3}},"line":103},"11":{"name":"(anonymous_11)","decl":{"start":{"line":112,"column":32},"end":{"line":112,"column":33}},"loc":{"start":{"line":112,"column":46},"end":{"line":126,"column":1}},"line":112},"12":{"name":"(anonymous_12)","decl":{"start":{"line":115,"column":10},"end":{"line":115,"column":11}},"loc":{"start":{"line":115,"column":22},"end":{"line":121,"column":5}},"line":115},"13":{"name":"(anonymous_13)","decl":{"start":{"line":122,"column":11},"end":{"line":122,"column":12}},"loc":{"start":{"line":122,"column":18},"end":{"line":125,"column":5}},"line":122},"14":{"name":"(anonymous_14)","decl":{"start":{"line":128,"column":21},"end":{"line":128,"column":22}},"loc":{"start":{"line":128,"column":35},"end":{"line":142,"column":1}},"line":128},"15":{"name":"(anonymous_15)","decl":{"start":{"line":131,"column":10},"end":{"line":131,"column":11}},"loc":{"start":{"line":131,"column":22},"end":{"line":137,"column":5}},"line":131},"16":{"name":"(anonymous_16)","decl":{"start":{"line":138,"column":11},"end":{"line":138,"column":12}},"loc":{"start":{"line":138,"column":18},"end":{"line":141,"column":5}},"line":138},"17":{"name":"(anonymous_17)","decl":{"start":{"line":144,"column":19},"end":{"line":144,"column":20}},"loc":{"start":{"line":144,"column":39},"end":{"line":152,"column":1}},"line":144},"18":{"name":"(anonymous_18)","decl":{"start":{"line":154,"column":12},"end":{"line":154,"column":13}},"loc":{"start":{"line":154,"column":23},"end":{"line":164,"column":1}},"line":154},"19":{"name":"(anonymous_19)","decl":{"start":{"line":155,"column":20},"end":{"line":155,"column":21}},"loc":{"start":{"line":155,"column":31},"end":{"line":163,"column":3}},"line":155},"20":{"name":"ensureAuthorized","decl":{"start":{"line":170,"column":9},"end":{"line":170,"column":25}},"loc":{"start":{"line":170,"column":37},"end":{"line":197,"column":1}},"line":170},"21":{"name":"(anonymous_21)","decl":{"start":{"line":172,"column":10},"end":{"line":172,"column":11}},"loc":{"start":{"line":172,"column":20},"end":{"line":196,"column":5}},"line":172},"22":{"name":"(anonymous_22)","decl":{"start":{"line":175,"column":16},"end":{"line":175,"column":17}},"loc":{"start":{"line":175,"column":25},"end":{"line":191,"column":11}},"line":175},"23":{"name":"(anonymous_23)","decl":{"start":{"line":179,"column":22},"end":{"line":179,"column":23}},"loc":{"start":{"line":179,"column":34},"end":{"line":186,"column":17}},"line":179}},"branchMap":{"0":{"loc":{"start":{"line":28,"column":2},"end":{"line":28,"column":21}},"type":"if","locations":[{"start":{"line":28,"column":2},"end":{"line":28,"column":21}},{"start":{"line":28,"column":2},"end":{"line":28,"column":21}}],"line":28},"1":{"loc":{"start":{"line":68,"column":6},"end":{"line":72,"column":7}},"type":"if","locations":[{"start":{"line":68,"column":6},"end":{"line":72,"column":7}},{"start":{"line":68,"column":6},"end":{"line":72,"column":7}}],"line":68},"2":{"loc":{"start":{"line":84,"column":6},"end":{"line":88,"column":7}},"type":"if","locations":[{"start":{"line":84,"column":6},"end":{"line":88,"column":7}},{"start":{"line":84,"column":6},"end":{"line":88,"column":7}}],"line":84},"3":{"loc":{"start":{"line":104,"column":4},"end":{"line":106,"column":5}},"type":"if","locations":[{"start":{"line":104,"column":4},"end":{"line":106,"column":5}},{"start":{"line":104,"column":4},"end":{"line":106,"column":5}}],"line":104},"4":{"loc":{"start":{"line":116,"column":6},"end":{"line":120,"column":7}},"type":"if","locations":[{"start":{"line":116,"column":6},"end":{"line":120,"column":7}},{"start":{"line":116,"column":6},"end":{"line":120,"column":7}}],"line":116},"5":{"loc":{"start":{"line":132,"column":6},"end":{"line":136,"column":7}},"type":"if","locations":[{"start":{"line":132,"column":6},"end":{"line":136,"column":7}},{"start":{"line":132,"column":6},"end":{"line":136,"column":7}}],"line":132},"6":{"loc":{"start":{"line":145,"column":2},"end":{"line":149,"column":3}},"type":"if","locations":[{"start":{"line":145,"column":2},"end":{"line":149,"column":3}},{"start":{"line":145,"column":2},"end":{"line":149,"column":3}}],"line":145},"7":{"loc":{"start":{"line":159,"column":4},"end":{"line":162,"column":5}},"type":"if","locations":[{"start":{"line":159,"column":4},"end":{"line":162,"column":5}},{"start":{"line":159,"column":4},"end":{"line":162,"column":5}}],"line":159},"8":{"loc":{"start":{"line":166,"column":0},"end":{"line":168,"column":1}},"type":"if","locations":[{"start":{"line":166,"column":0},"end":{"line":168,"column":1}},{"start":{"line":166,"column":0},"end":{"line":168,"column":1}}],"line":166},"9":{"loc":{"start":{"line":173,"column":6},"end":{"line":195,"column":7}},"type":"if","locations":[{"start":{"line":173,"column":6},"end":{"line":195,"column":7}},{"start":{"line":173,"column":6},"end":{"line":195,"column":7}}],"line":173},"10":{"loc":{"start":{"line":176,"column":12},"end":{"line":190,"column":13}},"type":"if","locations":[{"start":{"line":176,"column":12},"end":{"line":190,"column":13}},{"start":{"line":176,"column":12},"end":{"line":190,"column":13}}],"line":176},"11":{"loc":{"start":{"line":180,"column":18},"end":{"line":185,"column":19}},"type":"if","locations":[{"start":{"line":180,"column":18},"end":{"line":185,"column":19}},{"start":{"line":180,"column":18},"end":{"line":185,"column":19}}],"line":180}},"s":{"0":1,"1":1,"2":1,"3":1,"4":1,"5":1,"6":1,"7":1,"8":1,"9":1,"10":1,"11":1,"12":1,"13":1,"14":1,"15":0,"16":0,"17":1,"18":1,"19":0,"20":1,"21":1,"22":1,"23":1,"24":1,"25":1,"26":1,"27":1,"28":1,"29":1,"30":0,"31":1,"32":0,"33":1,"34":0,"35":0,"36":0,"37":0,"38":0,"39":0,"40":0,"41":1,"42":0,"43":0,"44":0,"45":0,"46":0,"47":0,"48":0,"49":1,"50":0,"51":0,"52":0,"53":0,"54":0,"55":0,"56":0,"57":1,"58":0,"59":0,"60":0,"61":0,"62":0,"63":0,"64":0,"65":1,"66":0,"67":0,"68":0,"69":0,"70":0,"71":0,"72":0,"73":1,"74":0,"75":0,"76":0,"77":0,"78":1,"79":0,"80":0,"81":0,"82":0,"83":0,"84":0,"85":0,"86":1,"87":0,"88":0,"89":0,"90":0,"91":0,"92":0,"93":0,"94":0,"95":0,"96":0,"97":0},"f":{"0":1,"1":0,"2":0,"3":0,"4":0,"5":0,"6":0,"7":0,"8":0,"9":0,"10":0,"11":0,"12":0,"13":0,"14":0,"15":0,"16":0,"17":0,"18":0,"19":0,"20":0,"21":0,"22":0,"23":0},"b":{"0":[0,1],"1":[0,0],"2":[0,0],"3":[0,0],"4":[0,0],"5":[0,0],"6":[0,0],"7":[0,0],"8":[0,1],"9":[0,0],"10":[0,0],"11":[0,0]},"_coverageSchema":"43e27e138ebf9cfc5966b082cf9a028302ed4184","hash":"3eaf6a068bc9e90b74b1da0e033c743b29b6ec29","contentHash":"75caa16dc4aad7e80a1c304445771a90839f6a673f3a8a9e53cd7c695078ce90"},"/Users/christophertorres/projects/sdcs-slack-bot/providers.js":{"path":"/Users/christophertorres/projects/sdcs-slack-bot/providers.js","statementMap":{"0":{"start":{"line":3,"column":0},"end":{"line":18,"column":2}}},"fnMap":{},"branchMap":{},"s":{"0":1},"f":{},"b":{},"_coverageSchema":"43e27e138ebf9cfc5966b082cf9a028302ed4184","hash":"3f7ebdf2a91a22516099be41a1fba3d63f75506d","contentHash":"50ca82f501e50ef7e95f400cc6316e9a94b7eefa019e5fbbc718b902d8d2c585"},"/Users/christophertorres/projects/sdcs-slack-bot/server/datasources.local.js":{"path":"/Users/christophertorres/projects/sdcs-slack-bot/server/datasources.local.js","statementMap":{"0":{"start":{"line":3,"column":0},"end":{"line":9,"column":2}}},"fnMap":{},"branchMap":{},"s":{"0":1},"f":{},"b":{},"_coverageSchema":"43e27e138ebf9cfc5966b082cf9a028302ed4184","hash":"f4e9ded5cedb3d082a25e965d45b5e2c35a5b7f8","contentHash":"0d37254ee1e9f38b165d824a2d64751e6e8fbaf54cd26e50ddd3d0ec12ca1855"},"/Users/christophertorres/projects/sdcs-slack-bot/common/models/log.js":{"path":"/Users/christophertorres/projects/sdcs-slack-bot/common/models/log.js","statementMap":{"0":{"start":{"line":3,"column":0},"end":{"line":56,"column":2}},"1":{"start":{"line":4,"column":2},"end":{"line":17,"column":4}},"2":{"start":{"line":5,"column":4},"end":{"line":16,"column":7}},"3":{"start":{"line":6,"column":6},"end":{"line":6,"column":32}},"4":{"start":{"line":6,"column":15},"end":{"line":6,"column":32}},"5":{"start":{"line":7,"column":6},"end":{"line":15,"column":45}},"6":{"start":{"line":8,"column":8},"end":{"line":14,"column":10}},"7":{"start":{"line":11,"column":12},"end":{"line":11,"column":50}},"8":{"start":{"line":11,"column":27},"end":{"line":11,"column":50}},"9":{"start":{"line":12,"column":12},"end":{"line":12,"column":34}},"10":{"start":{"line":15,"column":13},"end":{"line":15,"column":45}},"11":{"start":{"line":19,"column":2},"end":{"line":28,"column":5}},"12":{"start":{"line":30,"column":2},"end":{"line":43,"column":4}},"13":{"start":{"line":31,"column":4},"end":{"line":42,"column":7}},"14":{"start":{"line":32,"column":6},"end":{"line":32,"column":32}},"15":{"start":{"line":32,"column":15},"end":{"line":32,"column":32}},"16":{"start":{"line":33,"column":6},"end":{"line":41,"column":46}},"17":{"start":{"line":34,"column":8},"end":{"line":40,"column":10}},"18":{"start":{"line":37,"column":12},"end":{"line":37,"column":56}},"19":{"start":{"line":37,"column":30},"end":{"line":37,"column":56}},"20":{"start":{"line":38,"column":12},"end":{"line":38,"column":40}},"21":{"start":{"line":41,"column":13},"end":{"line":41,"column":46}},"22":{"start":{"line":45,"column":2},"end":{"line":55,"column":5}}},"fnMap":{"0":{"name":"(anonymous_0)","decl":{"start":{"line":3,"column":17},"end":{"line":3,"column":18}},"loc":{"start":{"line":3,"column":26},"end":{"line":56,"column":1}},"line":3},"1":{"name":"(anonymous_1)","decl":{"start":{"line":4,"column":16},"end":{"line":4,"column":17}},"loc":{"start":{"line":4,"column":41},"end":{"line":17,"column":3}},"line":4},"2":{"name":"(anonymous_2)","decl":{"start":{"line":5,"column":59},"end":{"line":5,"column":60}},"loc":{"start":{"line":5,"column":73},"end":{"line":16,"column":5}},"line":5},"3":{"name":"(anonymous_3)","decl":{"start":{"line":10,"column":10},"end":{"line":10,"column":11}},"loc":{"start":{"line":10,"column":33},"end":{"line":13,"column":11}},"line":10},"4":{"name":"(anonymous_4)","decl":{"start":{"line":30,"column":17},"end":{"line":30,"column":18}},"loc":{"start":{"line":30,"column":51},"end":{"line":43,"column":3}},"line":30},"5":{"name":"(anonymous_5)","decl":{"start":{"line":31,"column":59},"end":{"line":31,"column":60}},"loc":{"start":{"line":31,"column":73},"end":{"line":42,"column":5}},"line":31},"6":{"name":"(anonymous_6)","decl":{"start":{"line":36,"column":10},"end":{"line":36,"column":11}},"loc":{"start":{"line":36,"column":39},"end":{"line":39,"column":11}},"line":36}},"branchMap":{"0":{"loc":{"start":{"line":6,"column":6},"end":{"line":6,"column":32}},"type":"if","locations":[{"start":{"line":6,"column":6},"end":{"line":6,"column":32}},{"start":{"line":6,"column":6},"end":{"line":6,"column":32}}],"line":6},"1":{"loc":{"start":{"line":7,"column":6},"end":{"line":15,"column":45}},"type":"if","locations":[{"start":{"line":7,"column":6},"end":{"line":15,"column":45}},{"start":{"line":7,"column":6},"end":{"line":15,"column":45}}],"line":7},"2":{"loc":{"start":{"line":7,"column":10},"end":{"line":7,"column":24}},"type":"binary-expr","locations":[{"start":{"line":7,"column":10},"end":{"line":7,"column":13}},{"start":{"line":7,"column":17},"end":{"line":7,"column":24}}],"line":7},"3":{"loc":{"start":{"line":11,"column":12},"end":{"line":11,"column":50}},"type":"if","locations":[{"start":{"line":11,"column":12},"end":{"line":11,"column":50}},{"start":{"line":11,"column":12},"end":{"line":11,"column":50}}],"line":11},"4":{"loc":{"start":{"line":32,"column":6},"end":{"line":32,"column":32}},"type":"if","locations":[{"start":{"line":32,"column":6},"end":{"line":32,"column":32}},{"start":{"line":32,"column":6},"end":{"line":32,"column":32}}],"line":32},"5":{"loc":{"start":{"line":33,"column":6},"end":{"line":41,"column":46}},"type":"if","locations":[{"start":{"line":33,"column":6},"end":{"line":41,"column":46}},{"start":{"line":33,"column":6},"end":{"line":41,"column":46}}],"line":33},"6":{"loc":{"start":{"line":33,"column":10},"end":{"line":33,"column":23}},"type":"binary-expr","locations":[{"start":{"line":33,"column":10},"end":{"line":33,"column":13}},{"start":{"line":33,"column":17},"end":{"line":33,"column":23}}],"line":33},"7":{"loc":{"start":{"line":37,"column":12},"end":{"line":37,"column":56}},"type":"if","locations":[{"start":{"line":37,"column":12},"end":{"line":37,"column":56}},{"start":{"line":37,"column":12},"end":{"line":37,"column":56}}],"line":37}},"s":{"0":1,"1":1,"2":0,"3":0,"4":0,"5":0,"6":0,"7":0,"8":0,"9":0,"10":0,"11":1,"12":1,"13":0,"14":0,"15":0,"16":0,"17":0,"18":0,"19":0,"20":0,"21":0,"22":1},"f":{"0":1,"1":0,"2":0,"3":0,"4":0,"5":0,"6":0},"b":{"0":[0,0],"1":[0,0],"2":[0,0],"3":[0,0],"4":[0,0],"5":[0,0],"6":[0,0],"7":[0,0]},"_coverageSchema":"43e27e138ebf9cfc5966b082cf9a028302ed4184","hash":"86b5f981312b7af0356ee1631240813e446b3d9b","contentHash":"34e516a0496f257e57eab7114c03adee44bc7c68be3b935f68f98e0014bfc5a1"},"/Users/christophertorres/projects/sdcs-slack-bot/common/models/student.js":{"path":"/Users/christophertorres/projects/sdcs-slack-bot/common/models/student.js","statementMap":{"0":{"start":{"line":3,"column":0},"end":{"line":22,"column":2}},"1":{"start":{"line":4,"column":2},"end":{"line":10,"column":4}},"2":{"start":{"line":5,"column":4},"end":{"line":9,"column":38}},"3":{"start":{"line":7,"column":8},"end":{"line":7,"column":25}},"4":{"start":{"line":9,"column":20},"end":{"line":9,"column":36}},"5":{"start":{"line":12,"column":2},"end":{"line":20,"column":3}}},"fnMap":{"0":{"name":"(anonymous_0)","decl":{"start":{"line":3,"column":17},"end":{"line":3,"column":18}},"loc":{"start":{"line":3,"column":36},"end":{"line":22,"column":1}},"line":3},"1":{"name":"(anonymous_1)","decl":{"start":{"line":4,"column":21},"end":{"line":4,"column":22}},"loc":{"start":{"line":4,"column":35},"end":{"line":10,"column":3}},"line":4},"2":{"name":"(anonymous_2)","decl":{"start":{"line":6,"column":12},"end":{"line":6,"column":13}},"loc":{"start":{"line":6,"column":22},"end":{"line":8,"column":7}},"line":6},"3":{"name":"(anonymous_3)","decl":{"start":{"line":9,"column":13},"end":{"line":9,"column":14}},"loc":{"start":{"line":9,"column":20},"end":{"line":9,"column":36}},"line":9}},"branchMap":{},"s":{"0":1,"1":1,"2":0,"3":0,"4":0,"5":1},"f":{"0":1,"1":0,"2":0,"3":0},"b":{},"_coverageSchema":"43e27e138ebf9cfc5966b082cf9a028302ed4184","hash":"93951f4671debe5e0d46466e918a851307b66477","contentHash":"20dfe5eb9749146e77d21e441111ddf10c1ef5f6f50a6d11142fdb6d1396e25e"},"/Users/christophertorres/projects/sdcs-slack-bot/common/models/standup.js":{"path":"/Users/christophertorres/projects/sdcs-slack-bot/common/models/standup.js","statementMap":{"0":{"start":{"line":3,"column":14},"end":{"line":3,"column":24}},"1":{"start":{"line":6,"column":2},"end":{"line":6,"column":74}},"2":{"start":{"line":10,"column":2},"end":{"line":14,"column":4}},"3":{"start":{"line":17,"column":22},"end":{"line":17,"column":47}},"4":{"start":{"line":18,"column":25},"end":{"line":18,"column":65}},"5":{"start":{"line":19,"column":29},"end":{"line":19,"column":70}},"6":{"start":{"line":21,"column":28},"end":{"line":21,"column":42}},"7":{"start":{"line":22,"column":27},"end":{"line":22,"column":46}},"8":{"start":{"line":24,"column":0},"end":{"line":88,"column":2}},"9":{"start":{"line":25,"column":4},"end":{"line":68,"column":8}},"10":{"start":{"line":26,"column":8},"end":{"line":67,"column":42}},"11":{"start":{"line":28,"column":12},"end":{"line":28,"column":98}},"12":{"start":{"line":28,"column":53},"end":{"line":28,"column":73}},"13":{"start":{"line":28,"column":74},"end":{"line":28,"column":90}},"14":{"start":{"line":28,"column":90},"end":{"line":28,"column":96}},"15":{"start":{"line":31,"column":42},"end":{"line":33,"column":14}},"16":{"start":{"line":32,"column":14},"end":{"line":32,"column":67}},"17":{"start":{"line":34,"column":47},"end":{"line":41,"column":14}},"18":{"start":{"line":35,"column":34},"end":{"line":35,"column":56}},"19":{"start":{"line":36,"column":14},"end":{"line":40,"column":16}},"20":{"start":{"line":43,"column":14},"end":{"line":43,"column":54}},"21":{"start":{"line":46,"column":14},"end":{"line":46,"column":72}},"22":{"start":{"line":49,"column":27},"end":{"line":49,"column":71}},"23":{"start":{"line":50,"column":35},"end":{"line":50,"column":51}},"24":{"start":{"line":52,"column":14},"end":{"line":52,"column":82}},"25":{"start":{"line":53,"column":34},"end":{"line":60,"column":14}},"26":{"start":{"line":54,"column":34},"end":{"line":54,"column":56}},"27":{"start":{"line":55,"column":14},"end":{"line":59,"column":16}},"28":{"start":{"line":61,"column":43},"end":{"line":61,"column":70}},"29":{"start":{"line":63,"column":14},"end":{"line":63,"column":83}},"30":{"start":{"line":64,"column":25},"end":{"line":64,"column":115}},"31":{"start":{"line":65,"column":12},"end":{"line":65,"column":29}},"32":{"start":{"line":67,"column":24},"end":{"line":67,"column":40}},"33":{"start":{"line":72,"column":4},"end":{"line":86,"column":8}}},"fnMap":{"0":{"name":"offsetDate","decl":{"start":{"line":5,"column":9},"end":{"line":5,"column":19}},"loc":{"start":{"line":5,"column":44},"end":{"line":7,"column":1}},"line":5},"1":{"name":"midnight","decl":{"start":{"line":9,"column":9},"end":{"line":9,"column":17}},"loc":{"start":{"line":9,"column":24},"end":{"line":15,"column":1}},"line":9},"2":{"name":"(anonymous_2)","decl":{"start":{"line":24,"column":17},"end":{"line":24,"column":18}},"loc":{"start":{"line":24,"column":35},"end":{"line":88,"column":1}},"line":24},"3":{"name":"(anonymous_3)","decl":{"start":{"line":25,"column":23},"end":{"line":25,"column":24}},"loc":{"start":{"line":25,"column":45},"end":{"line":68,"column":7}},"line":25},"4":{"name":"(anonymous_4)","decl":{"start":{"line":27,"column":16},"end":{"line":27,"column":17}},"loc":{"start":{"line":27,"column":28},"end":{"line":66,"column":11}},"line":27},"5":{"name":"(anonymous_5)","decl":{"start":{"line":31,"column":58},"end":{"line":31,"column":59}},"loc":{"start":{"line":31,"column":69},"end":{"line":33,"column":13}},"line":31},"6":{"name":"(anonymous_6)","decl":{"start":{"line":34,"column":73},"end":{"line":34,"column":74}},"loc":{"start":{"line":34,"column":84},"end":{"line":41,"column":13}},"line":34},"7":{"name":"(anonymous_7)","decl":{"start":{"line":53,"column":47},"end":{"line":53,"column":48}},"loc":{"start":{"line":53,"column":58},"end":{"line":60,"column":13}},"line":53},"8":{"name":"(anonymous_8)","decl":{"start":{"line":67,"column":17},"end":{"line":67,"column":18}},"loc":{"start":{"line":67,"column":24},"end":{"line":67,"column":40}},"line":67}},"branchMap":{"0":{"loc":{"start":{"line":28,"column":12},"end":{"line":28,"column":98}},"type":"if","locations":[{"start":{"line":28,"column":12},"end":{"line":28,"column":98}},{"start":{"line":28,"column":12},"end":{"line":28,"column":98}}],"line":28}},"s":{"0":1,"1":2,"2":3,"3":1,"4":1,"5":1,"6":1,"7":1,"8":1,"9":1,"10":0,"11":0,"12":0,"13":0,"14":0,"15":0,"16":0,"17":0,"18":0,"19":0,"20":0,"21":0,"22":0,"23":0,"24":0,"25":0,"26":0,"27":0,"28":0,"29":0,"30":0,"31":0,"32":0,"33":1},"f":{"0":2,"1":3,"2":1,"3":0,"4":0,"5":0,"6":0,"7":0,"8":0},"b":{"0":[0,0]},"_coverageSchema":"43e27e138ebf9cfc5966b082cf9a028302ed4184","hash":"9e009c6d0cf5d78fff600d4d16fe4dc6828f9a49","contentHash":"95db0e89bf4070243569f6d896352d11c65697b21ae7b992f4867598b621e687"},"/Users/christophertorres/projects/sdcs-slack-bot/common/models/checkin.js":{"path":"/Users/christophertorres/projects/sdcs-slack-bot/common/models/checkin.js","statementMap":{"0":{"start":{"line":3,"column":14},"end":{"line":3,"column":24}},"1":{"start":{"line":6,"column":2},"end":{"line":6,"column":74}},"2":{"start":{"line":10,"column":2},"end":{"line":14,"column":4}},"3":{"start":{"line":17,"column":22},"end":{"line":17,"column":47}},"4":{"start":{"line":18,"column":25},"end":{"line":18,"column":65}},"5":{"start":{"line":19,"column":29},"end":{"line":19,"column":70}},"6":{"start":{"line":21,"column":28},"end":{"line":21,"column":42}},"7":{"start":{"line":22,"column":27},"end":{"line":22,"column":46}},"8":{"start":{"line":24,"column":0},"end":{"line":141,"column":2}},"9":{"start":{"line":25,"column":2},"end":{"line":31,"column":4}},"10":{"start":{"line":26,"column":4},"end":{"line":30,"column":38}},"11":{"start":{"line":28,"column":8},"end":{"line":28,"column":25}},"12":{"start":{"line":30,"column":20},"end":{"line":30,"column":36}},"13":{"start":{"line":33,"column":2},"end":{"line":39,"column":4}},"14":{"start":{"line":34,"column":4},"end":{"line":38,"column":38}},"15":{"start":{"line":36,"column":8},"end":{"line":36,"column":25}},"16":{"start":{"line":38,"column":20},"end":{"line":38,"column":36}},"17":{"start":{"line":41,"column":2},"end":{"line":95,"column":4}},"18":{"start":{"line":42,"column":4},"end":{"line":94,"column":38}},"19":{"start":{"line":44,"column":8},"end":{"line":44,"column":99}},"20":{"start":{"line":44,"column":47},"end":{"line":44,"column":74}},"21":{"start":{"line":44,"column":75},"end":{"line":44,"column":91}},"22":{"start":{"line":44,"column":92},"end":{"line":44,"column":98}},"23":{"start":{"line":46,"column":8},"end":{"line":51,"column":11}},"24":{"start":{"line":47,"column":10},"end":{"line":50,"column":13}},"25":{"start":{"line":48,"column":12},"end":{"line":49,"column":34}},"26":{"start":{"line":52,"column":25},"end":{"line":54,"column":13}},"27":{"start":{"line":53,"column":10},"end":{"line":53,"column":45}},"28":{"start":{"line":55,"column":8},"end":{"line":55,"column":44}},"29":{"start":{"line":59,"column":23},"end":{"line":59,"column":57}},"30":{"start":{"line":60,"column":31},"end":{"line":60,"column":47}},"31":{"start":{"line":62,"column":10},"end":{"line":62,"column":78}},"32":{"start":{"line":64,"column":8},"end":{"line":68,"column":9}},"33":{"start":{"line":65,"column":10},"end":{"line":65,"column":42}},"34":{"start":{"line":67,"column":10},"end":{"line":67,"column":78}},"35":{"start":{"line":71,"column":38},"end":{"line":73,"column":10}},"36":{"start":{"line":72,"column":10},"end":{"line":72,"column":71}},"37":{"start":{"line":75,"column":10},"end":{"line":77,"column":15}},"38":{"start":{"line":76,"column":12},"end":{"line":76,"column":47}},"39":{"start":{"line":78,"column":8},"end":{"line":78,"column":68}},"40":{"start":{"line":80,"column":47},"end":{"line":82,"column":10}},"41":{"start":{"line":81,"column":10},"end":{"line":81,"column":71}},"42":{"start":{"line":84,"column":12},"end":{"line":88,"column":15}},"43":{"start":{"line":85,"column":13},"end":{"line":85,"column":78}},"44":{"start":{"line":85,"column":63},"end":{"line":85,"column":77}},"45":{"start":{"line":86,"column":13},"end":{"line":86,"column":83}},"46":{"start":{"line":86,"column":69},"end":{"line":86,"column":82}},"47":{"start":{"line":87,"column":13},"end":{"line":87,"column":32}},"48":{"start":{"line":89,"column":8},"end":{"line":89,"column":83}},"49":{"start":{"line":91,"column":21},"end":{"line":91,"column":225}},"50":{"start":{"line":92,"column":8},"end":{"line":92,"column":25}},"51":{"start":{"line":94,"column":20},"end":{"line":94,"column":36}},"52":{"start":{"line":99,"column":2},"end":{"line":113,"column":4}},"53":{"start":{"line":115,"column":2},"end":{"line":129,"column":4}},"54":{"start":{"line":132,"column":2},"end":{"line":140,"column":4}}},"fnMap":{"0":{"name":"offsetDate","decl":{"start":{"line":5,"column":9},"end":{"line":5,"column":19}},"loc":{"start":{"line":5,"column":44},"end":{"line":7,"column":1}},"line":5},"1":{"name":"midnight","decl":{"start":{"line":9,"column":9},"end":{"line":9,"column":17}},"loc":{"start":{"line":9,"column":24},"end":{"line":15,"column":1}},"line":9},"2":{"name":"(anonymous_2)","decl":{"start":{"line":24,"column":17},"end":{"line":24,"column":18}},"loc":{"start":{"line":24,"column":35},"end":{"line":141,"column":1}},"line":24},"3":{"name":"(anonymous_3)","decl":{"start":{"line":25,"column":25},"end":{"line":25,"column":26}},"loc":{"start":{"line":25,"column":47},"end":{"line":31,"column":3}},"line":25},"4":{"name":"(anonymous_4)","decl":{"start":{"line":27,"column":12},"end":{"line":27,"column":13}},"loc":{"start":{"line":27,"column":22},"end":{"line":29,"column":7}},"line":27},"5":{"name":"(anonymous_5)","decl":{"start":{"line":30,"column":13},"end":{"line":30,"column":14}},"loc":{"start":{"line":30,"column":20},"end":{"line":30,"column":36}},"line":30},"6":{"name":"(anonymous_6)","decl":{"start":{"line":33,"column":19},"end":{"line":33,"column":20}},"loc":{"start":{"line":33,"column":32},"end":{"line":39,"column":3}},"line":33},"7":{"name":"(anonymous_7)","decl":{"start":{"line":35,"column":12},"end":{"line":35,"column":13}},"loc":{"start":{"line":35,"column":22},"end":{"line":37,"column":7}},"line":35},"8":{"name":"(anonymous_8)","decl":{"start":{"line":38,"column":13},"end":{"line":38,"column":14}},"loc":{"start":{"line":38,"column":20},"end":{"line":38,"column":36}},"line":38},"9":{"name":"(anonymous_9)","decl":{"start":{"line":41,"column":26},"end":{"line":41,"column":27}},"loc":{"start":{"line":41,"column":48},"end":{"line":95,"column":3}},"line":41},"10":{"name":"(anonymous_10)","decl":{"start":{"line":43,"column":12},"end":{"line":43,"column":13}},"loc":{"start":{"line":43,"column":24},"end":{"line":93,"column":7}},"line":43},"11":{"name":"(anonymous_11)","decl":{"start":{"line":46,"column":25},"end":{"line":46,"column":26}},"loc":{"start":{"line":46,"column":36},"end":{"line":51,"column":9}},"line":46},"12":{"name":"(anonymous_12)","decl":{"start":{"line":52,"column":41},"end":{"line":52,"column":42}},"loc":{"start":{"line":52,"column":67},"end":{"line":54,"column":9}},"line":52},"13":{"name":"(anonymous_13)","decl":{"start":{"line":71,"column":54},"end":{"line":71,"column":55}},"loc":{"start":{"line":71,"column":65},"end":{"line":73,"column":9}},"line":71},"14":{"name":"(anonymous_14)","decl":{"start":{"line":75,"column":39},"end":{"line":75,"column":40}},"loc":{"start":{"line":75,"column":65},"end":{"line":77,"column":11}},"line":75},"15":{"name":"(anonymous_15)","decl":{"start":{"line":80,"column":63},"end":{"line":80,"column":64}},"loc":{"start":{"line":80,"column":74},"end":{"line":82,"column":9}},"line":80},"16":{"name":"(anonymous_16)","decl":{"start":{"line":84,"column":50},"end":{"line":84,"column":51}},"loc":{"start":{"line":84,"column":76},"end":{"line":88,"column":11}},"line":84},"17":{"name":"(anonymous_17)","decl":{"start":{"line":94,"column":13},"end":{"line":94,"column":14}},"loc":{"start":{"line":94,"column":20},"end":{"line":94,"column":36}},"line":94}},"branchMap":{"0":{"loc":{"start":{"line":44,"column":8},"end":{"line":44,"column":99}},"type":"if","locations":[{"start":{"line":44,"column":8},"end":{"line":44,"column":99}},{"start":{"line":44,"column":8},"end":{"line":44,"column":99}}],"line":44},"1":{"loc":{"start":{"line":47,"column":10},"end":{"line":50,"column":13}},"type":"if","locations":[{"start":{"line":47,"column":10},"end":{"line":50,"column":13}},{"start":{"line":47,"column":10},"end":{"line":50,"column":13}}],"line":47},"2":{"loc":{"start":{"line":64,"column":8},"end":{"line":68,"column":9}},"type":"if","locations":[{"start":{"line":64,"column":8},"end":{"line":68,"column":9}},{"start":{"line":64,"column":8},"end":{"line":68,"column":9}}],"line":64},"3":{"loc":{"start":{"line":85,"column":13},"end":{"line":85,"column":78}},"type":"if","locations":[{"start":{"line":85,"column":13},"end":{"line":85,"column":78}},{"start":{"line":85,"column":13},"end":{"line":85,"column":78}}],"line":85},"4":{"loc":{"start":{"line":85,"column":16},"end":{"line":85,"column":61}},"type":"binary-expr","locations":[{"start":{"line":85,"column":16},"end":{"line":85,"column":36}},{"start":{"line":85,"column":40},"end":{"line":85,"column":61}}],"line":85},"5":{"loc":{"start":{"line":86,"column":13},"end":{"line":86,"column":83}},"type":"if","locations":[{"start":{"line":86,"column":13},"end":{"line":86,"column":83}},{"start":{"line":86,"column":13},"end":{"line":86,"column":83}}],"line":86},"6":{"loc":{"start":{"line":86,"column":16},"end":{"line":86,"column":67}},"type":"binary-expr","locations":[{"start":{"line":86,"column":16},"end":{"line":86,"column":36}},{"start":{"line":86,"column":40},"end":{"line":86,"column":67}}],"line":86}},"s":{"0":1,"1":2,"2":3,"3":1,"4":1,"5":1,"6":1,"7":1,"8":1,"9":1,"10":0,"11":0,"12":0,"13":1,"14":0,"15":0,"16":0,"17":1,"18":0,"19":0,"20":0,"21":0,"22":0,"23":0,"24":0,"25":0,"26":0,"27":0,"28":0,"29":0,"30":0,"31":0,"32":0,"33":0,"34":0,"35":0,"36":0,"37":0,"38":0,"39":0,"40":0,"41":0,"42":0,"43":0,"44":0,"45":0,"46":0,"47":0,"48":0,"49":0,"50":0,"51":0,"52":1,"53":1,"54":1},"f":{"0":2,"1":3,"2":1,"3":0,"4":0,"5":0,"6":0,"7":0,"8":0,"9":0,"10":0,"11":0,"12":0,"13":0,"14":0,"15":0,"16":0,"17":0},"b":{"0":[0,0],"1":[0,0],"2":[0,0],"3":[0,0],"4":[0,0],"5":[0,0],"6":[0,0]},"_coverageSchema":"43e27e138ebf9cfc5966b082cf9a028302ed4184","hash":"2d5a9a49ec50d2743455b3c8b65a77e773788b88","contentHash":"3c92851df8c32982f7349a0e42a93da8956b5a9504cd8a31893330331558f4ed"},"/Users/christophertorres/projects/sdcs-slack-bot/common/models/wakatime.js":{"path":"/Users/christophertorres/projects/sdcs-slack-bot/common/models/wakatime.js","statementMap":{"0":{"start":{"line":3,"column":14},"end":{"line":3,"column":24}},"1":{"start":{"line":6,"column":2},"end":{"line":6,"column":74}},"2":{"start":{"line":10,"column":2},"end":{"line":14,"column":4}},"3":{"start":{"line":17,"column":22},"end":{"line":17,"column":47}},"4":{"start":{"line":18,"column":25},"end":{"line":18,"column":65}},"5":{"start":{"line":19,"column":29},"end":{"line":19,"column":70}},"6":{"start":{"line":21,"column":28},"end":{"line":21,"column":42}},"7":{"start":{"line":22,"column":27},"end":{"line":22,"column":46}},"8":{"start":{"line":24,"column":0},"end":{"line":80,"column":2}},"9":{"start":{"line":25,"column":4},"end":{"line":61,"column":6}},"10":{"start":{"line":26,"column":8},"end":{"line":60,"column":44}},"11":{"start":{"line":28,"column":16},"end":{"line":28,"column":103}},"12":{"start":{"line":28,"column":57},"end":{"line":28,"column":78}},"13":{"start":{"line":28,"column":80},"end":{"line":28,"column":96}},"14":{"start":{"line":28,"column":96},"end":{"line":28,"column":102}},"15":{"start":{"line":29,"column":35},"end":{"line":31,"column":21}},"16":{"start":{"line":30,"column":20},"end":{"line":30,"column":59}},"17":{"start":{"line":32,"column":33},"end":{"line":32,"column":69}},"18":{"start":{"line":33,"column":31},"end":{"line":33,"column":58}},"19":{"start":{"line":34,"column":39},"end":{"line":38,"column":17}},"20":{"start":{"line":40,"column":20},"end":{"line":40,"column":88}},"21":{"start":{"line":42,"column":16},"end":{"line":46,"column":17}},"22":{"start":{"line":43,"column":20},"end":{"line":43,"column":52}},"23":{"start":{"line":45,"column":20},"end":{"line":45,"column":88}},"24":{"start":{"line":49,"column":47},"end":{"line":51,"column":18}},"25":{"start":{"line":50,"column":20},"end":{"line":50,"column":74}},"26":{"start":{"line":52,"column":45},"end":{"line":54,"column":21}},"27":{"start":{"line":53,"column":20},"end":{"line":53,"column":59}},"28":{"start":{"line":55,"column":16},"end":{"line":55,"column":88}},"29":{"start":{"line":57,"column":29},"end":{"line":57,"column":233}},"30":{"start":{"line":58,"column":16},"end":{"line":58,"column":33}},"31":{"start":{"line":60,"column":26},"end":{"line":60,"column":42}},"32":{"start":{"line":64,"column":4},"end":{"line":78,"column":6}}},"fnMap":{"0":{"name":"offsetDate","decl":{"start":{"line":5,"column":9},"end":{"line":5,"column":19}},"loc":{"start":{"line":5,"column":44},"end":{"line":7,"column":1}},"line":5},"1":{"name":"midnight","decl":{"start":{"line":9,"column":9},"end":{"line":9,"column":17}},"loc":{"start":{"line":9,"column":24},"end":{"line":15,"column":1}},"line":9},"2":{"name":"(anonymous_2)","decl":{"start":{"line":24,"column":17},"end":{"line":24,"column":18}},"loc":{"start":{"line":24,"column":37},"end":{"line":80,"column":1}},"line":24},"3":{"name":"(anonymous_3)","decl":{"start":{"line":25,"column":24},"end":{"line":25,"column":25}},"loc":{"start":{"line":25,"column":47},"end":{"line":61,"column":5}},"line":25},"4":{"name":"(anonymous_4)","decl":{"start":{"line":27,"column":18},"end":{"line":27,"column":19}},"loc":{"start":{"line":27,"column":31},"end":{"line":59,"column":13}},"line":27},"5":{"name":"(anonymous_5)","decl":{"start":{"line":29,"column":52},"end":{"line":29,"column":53}},"loc":{"start":{"line":29,"column":79},"end":{"line":31,"column":17}},"line":29},"6":{"name":"(anonymous_6)","decl":{"start":{"line":49,"column":64},"end":{"line":49,"column":65}},"loc":{"start":{"line":49,"column":76},"end":{"line":51,"column":17}},"line":49},"7":{"name":"(anonymous_7)","decl":{"start":{"line":52,"column":75},"end":{"line":52,"column":76}},"loc":{"start":{"line":52,"column":102},"end":{"line":54,"column":17}},"line":52},"8":{"name":"(anonymous_8)","decl":{"start":{"line":60,"column":19},"end":{"line":60,"column":20}},"loc":{"start":{"line":60,"column":26},"end":{"line":60,"column":42}},"line":60}},"branchMap":{"0":{"loc":{"start":{"line":28,"column":16},"end":{"line":28,"column":103}},"type":"if","locations":[{"start":{"line":28,"column":16},"end":{"line":28,"column":103}},{"start":{"line":28,"column":16},"end":{"line":28,"column":103}}],"line":28},"1":{"loc":{"start":{"line":42,"column":16},"end":{"line":46,"column":17}},"type":"if","locations":[{"start":{"line":42,"column":16},"end":{"line":46,"column":17}},{"start":{"line":42,"column":16},"end":{"line":46,"column":17}}],"line":42}},"s":{"0":1,"1":2,"2":3,"3":1,"4":1,"5":1,"6":1,"7":1,"8":1,"9":1,"10":0,"11":0,"12":0,"13":0,"14":0,"15":0,"16":0,"17":0,"18":0,"19":0,"20":0,"21":0,"22":0,"23":0,"24":0,"25":0,"26":0,"27":0,"28":0,"29":0,"30":0,"31":0,"32":1},"f":{"0":2,"1":3,"2":1,"3":0,"4":0,"5":0,"6":0,"7":0,"8":0},"b":{"0":[0,0],"1":[0,0]},"_coverageSchema":"43e27e138ebf9cfc5966b082cf9a028302ed4184","hash":"963a4ee2c594cb38bfc54e7268066d5de90c49cc","contentHash":"2b86c7e44d06580e4b5c325d5c06d166a1b84c14c811f6bb4357bba68417be84"},"/Users/christophertorres/projects/sdcs-slack-bot/common/models/absence.js":{"path":"/Users/christophertorres/projects/sdcs-slack-bot/common/models/absence.js","statementMap":{"0":{"start":{"line":3,"column":0},"end":{"line":5,"column":2}}},"fnMap":{"0":{"name":"(anonymous_0)","decl":{"start":{"line":3,"column":17},"end":{"line":3,"column":18}},"loc":{"start":{"line":3,"column":35},"end":{"line":5,"column":1}},"line":3}},"branchMap":{},"s":{"0":1},"f":{"0":1},"b":{},"_coverageSchema":"43e27e138ebf9cfc5966b082cf9a028302ed4184","hash":"00a32eaca6ae442e8ef4028f8443b0dbee63473c","contentHash":"d54d7a8f1bbe31426e8e21248caf14d8bad2aeb94a0e253a1b3a2956d65345a8"},"/Users/christophertorres/projects/sdcs-slack-bot/server/boot/authentication.js":{"path":"/Users/christophertorres/projects/sdcs-slack-bot/server/boot/authentication.js","statementMap":{"0":{"start":{"line":3,"column":0},"end":{"line":5,"column":2}}},"fnMap":{"0":{"name":"enableAuthentication","decl":{"start":{"line":3,"column":26},"end":{"line":3,"column":46}},"loc":{"start":{"line":3,"column":55},"end":{"line":5,"column":1}},"line":3}},"branchMap":{},"s":{"0":1},"f":{"0":1},"b":{},"_coverageSchema":"43e27e138ebf9cfc5966b082cf9a028302ed4184","hash":"faa79a2da70832a549f553a50a3d2e873eb65793","contentHash":"49017e067ece9cfec42acddff3b0fbbe10130138f27b99362fba5f3b08342442"},"/Users/christophertorres/projects/sdcs-slack-bot/server/boot/create_admin.js":{"path":"/Users/christophertorres/projects/sdcs-slack-bot/server/boot/create_admin.js","statementMap":{"0":{"start":{"line":3,"column":0},"end":{"line":51,"column":2}},"1":{"start":{"line":4,"column":13},"end":{"line":4,"column":28}},"2":{"start":{"line":5,"column":13},"end":{"line":5,"column":28}},"3":{"start":{"line":6,"column":20},"end":{"line":6,"column":42}},"4":{"start":{"line":9,"column":4},"end":{"line":22,"column":8}},"5":{"start":{"line":11,"column":8},"end":{"line":17,"column":31}},"6":{"start":{"line":12,"column":10},"end":{"line":16,"column":12}},"7":{"start":{"line":17,"column":17},"end":{"line":17,"column":29}},"8":{"start":{"line":20,"column":8},"end":{"line":20,"column":62}},"9":{"start":{"line":21,"column":8},"end":{"line":21,"column":19}},"10":{"start":{"line":24,"column":27},"end":{"line":35,"column":8}},"11":{"start":{"line":26,"column":8},"end":{"line":30,"column":36}},"12":{"start":{"line":27,"column":10},"end":{"line":29,"column":12}},"13":{"start":{"line":30,"column":17},"end":{"line":30,"column":34}},"14":{"start":{"line":33,"column":8},"end":{"line":33,"column":62}},"15":{"start":{"line":34,"column":8},"end":{"line":34,"column":19}},"16":{"start":{"line":37,"column":2},"end":{"line":50,"column":71}},"17":{"start":{"line":39,"column":6},"end":{"line":48,"column":11}},"18":{"start":{"line":42,"column":10},"end":{"line":47,"column":11}},"19":{"start":{"line":43,"column":12},"end":{"line":46,"column":14}},"20":{"start":{"line":50,"column":17},"end":{"line":50,"column":69}}},"fnMap":{"0":{"name":"(anonymous_0)","decl":{"start":{"line":3,"column":17},"end":{"line":3,"column":18}},"loc":{"start":{"line":3,"column":31},"end":{"line":51,"column":1}},"line":3},"1":{"name":"(anonymous_1)","decl":{"start":{"line":10,"column":12},"end":{"line":10,"column":13}},"loc":{"start":{"line":10,"column":20},"end":{"line":18,"column":7}},"line":10},"2":{"name":"(anonymous_2)","decl":{"start":{"line":19,"column":13},"end":{"line":19,"column":14}},"loc":{"start":{"line":19,"column":20},"end":{"line":22,"column":7}},"line":19},"3":{"name":"(anonymous_3)","decl":{"start":{"line":25,"column":12},"end":{"line":25,"column":13}},"loc":{"start":{"line":25,"column":25},"end":{"line":31,"column":7}},"line":25},"4":{"name":"(anonymous_4)","decl":{"start":{"line":32,"column":13},"end":{"line":32,"column":14}},"loc":{"start":{"line":32,"column":20},"end":{"line":35,"column":7}},"line":32},"5":{"name":"(anonymous_5)","decl":{"start":{"line":38,"column":10},"end":{"line":38,"column":11}},"loc":{"start":{"line":38,"column":22},"end":{"line":49,"column":5}},"line":38},"6":{"name":"(anonymous_6)","decl":{"start":{"line":41,"column":14},"end":{"line":41,"column":15}},"loc":{"start":{"line":41,"column":25},"end":{"line":48,"column":9}},"line":41},"7":{"name":"(anonymous_7)","decl":{"start":{"line":50,"column":11},"end":{"line":50,"column":12}},"loc":{"start":{"line":50,"column":17},"end":{"line":50,"column":69}},"line":50}},"branchMap":{"0":{"loc":{"start":{"line":11,"column":8},"end":{"line":17,"column":31}},"type":"if","locations":[{"start":{"line":11,"column":8},"end":{"line":17,"column":31}},{"start":{"line":11,"column":8},"end":{"line":17,"column":31}}],"line":11},"1":{"loc":{"start":{"line":26,"column":8},"end":{"line":30,"column":36}},"type":"if","locations":[{"start":{"line":26,"column":8},"end":{"line":30,"column":36}},{"start":{"line":26,"column":8},"end":{"line":30,"column":36}}],"line":26},"2":{"loc":{"start":{"line":42,"column":10},"end":{"line":47,"column":11}},"type":"if","locations":[{"start":{"line":42,"column":10},"end":{"line":47,"column":11}},{"start":{"line":42,"column":10},"end":{"line":47,"column":11}}],"line":42}},"s":{"0":1,"1":1,"2":1,"3":1,"4":1,"5":1,"6":0,"7":1,"8":0,"9":0,"10":1,"11":1,"12":0,"13":1,"14":0,"15":0,"16":1,"17":1,"18":1,"19":0,"20":0},"f":{"0":1,"1":1,"2":0,"3":1,"4":0,"5":1,"6":1,"7":0},"b":{"0":[0,1],"1":[0,1],"2":[0,1]},"_coverageSchema":"43e27e138ebf9cfc5966b082cf9a028302ed4184","hash":"155f351b6fd508b5b5efa587c383f6918c440fb5","contentHash":"d02b776b74d718752b4fdac172591b525e8b8c60f81a680a898618320c6bed49"},"/Users/christophertorres/projects/sdcs-slack-bot/server/boot/remove_accessTokens.js":{"path":"/Users/christophertorres/projects/sdcs-slack-bot/server/boot/remove_accessTokens.js","statementMap":{"0":{"start":{"line":3,"column":0},"end":{"line":6,"column":2}},"1":{"start":{"line":4,"column":20},"end":{"line":4,"column":42}},"2":{"start":{"line":5,"column":2},"end":{"line":5,"column":29}}},"fnMap":{"0":{"name":"(anonymous_0)","decl":{"start":{"line":3,"column":17},"end":{"line":3,"column":18}},"loc":{"start":{"line":3,"column":31},"end":{"line":6,"column":1}},"line":3}},"branchMap":{},"s":{"0":1,"1":1,"2":1},"f":{"0":1},"b":{},"_coverageSchema":"43e27e138ebf9cfc5966b082cf9a028302ed4184","hash":"d3d8640c7af54b019b137270b0090f35d29713e8","contentHash":"6ff88874f6922f7359cb173556e9b413573843b4f83031186028c107ef532988"},"/Users/christophertorres/projects/sdcs-slack-bot/server/boot/root.js":{"path":"/Users/christophertorres/projects/sdcs-slack-bot/server/boot/root.js","statementMap":{"0":{"start":{"line":3,"column":0},"end":{"line":3,"column":37}}},"fnMap":{"0":{"name":"(anonymous_0)","decl":{"start":{"line":3,"column":17},"end":{"line":3,"column":18}},"loc":{"start":{"line":3,"column":34},"end":{"line":3,"column":36}},"line":3}},"branchMap":{},"s":{"0":1},"f":{"0":1},"b":{},"_coverageSchema":"43e27e138ebf9cfc5966b082cf9a028302ed4184","hash":"75b7f3dffa0c36821130f8a533797748e973304a","contentHash":"a7e8e1b6bbc144a0a59dfdcb76bfb3353640aa91c06c4fba652875034795e4e2"},"/Users/christophertorres/projects/sdcs-slack-bot/server/boot/routes.js":{"path":"/Users/christophertorres/projects/sdcs-slack-bot/server/boot/routes.js","statementMap":{"0":{"start":{"line":2,"column":13},"end":{"line":2,"column":28}},"1":{"start":{"line":3,"column":14},"end":{"line":3,"column":30}},"2":{"start":{"line":4,"column":12},"end":{"line":4,"column":29}},"3":{"start":{"line":6,"column":15},"end":{"line":6,"column":17}},"4":{"start":{"line":7,"column":10},"end":{"line":7,"column":80}},"5":{"start":{"line":9,"column":15},"end":{"line":9,"column":39}},"6":{"start":{"line":11,"column":0},"end":{"line":970,"column":1}},"7":{"start":{"line":12,"column":2},"end":{"line":19,"column":36}},"8":{"start":{"line":14,"column":27},"end":{"line":14,"column":35}},"9":{"start":{"line":15,"column":6},"end":{"line":17,"column":9}},"10":{"start":{"line":16,"column":8},"end":{"line":16,"column":43}},"11":{"start":{"line":19,"column":18},"end":{"line":19,"column":34}},"12":{"start":{"line":21,"column":2},"end":{"line":28,"column":4}},"13":{"start":{"line":22,"column":4},"end":{"line":26,"column":3}},"14":{"start":{"line":23,"column":6},"end":{"line":23,"column":50}},"15":{"start":{"line":25,"column":6},"end":{"line":25,"column":45}},"16":{"start":{"line":27,"column":4},"end":{"line":27,"column":15}},"17":{"start":{"line":30,"column":2},"end":{"line":33,"column":5}},"18":{"start":{"line":31,"column":4},"end":{"line":31,"column":37}},"19":{"start":{"line":32,"column":4},"end":{"line":32,"column":38}},"20":{"start":{"line":35,"column":2},"end":{"line":38,"column":5}},"21":{"start":{"line":36,"column":4},"end":{"line":36,"column":37}},"22":{"start":{"line":37,"column":4},"end":{"line":37,"column":29}},"23":{"start":{"line":40,"column":2},"end":{"line":43,"column":5}},"24":{"start":{"line":41,"column":4},"end":{"line":41,"column":35}},"25":{"start":{"line":42,"column":4},"end":{"line":42,"column":29}},"26":{"start":{"line":45,"column":2},"end":{"line":48,"column":5}},"27":{"start":{"line":46,"column":4},"end":{"line":46,"column":38}},"28":{"start":{"line":47,"column":4},"end":{"line":47,"column":29}},"29":{"start":{"line":50,"column":2},"end":{"line":53,"column":5}},"30":{"start":{"line":51,"column":4},"end":{"line":51,"column":38}},"31":{"start":{"line":52,"column":4},"end":{"line":52,"column":29}},"32":{"start":{"line":56,"column":2},"end":{"line":86,"column":4}},"33":{"start":{"line":57,"column":4},"end":{"line":60,"column":5}},"34":{"start":{"line":58,"column":6},"end":{"line":58,"column":35}},"35":{"start":{"line":59,"column":6},"end":{"line":59,"column":13}},"36":{"start":{"line":61,"column":4},"end":{"line":85,"column":5}},"37":{"start":{"line":62,"column":6},"end":{"line":62,"column":21}},"38":{"start":{"line":63,"column":21},"end":{"line":63,"column":40}},"39":{"start":{"line":65,"column":6},"end":{"line":84,"column":11}},"40":{"start":{"line":80,"column":10},"end":{"line":80,"column":32}},"41":{"start":{"line":83,"column":10},"end":{"line":83,"column":29}},"42":{"start":{"line":88,"column":2},"end":{"line":91,"column":5}},"43":{"start":{"line":89,"column":36},"end":{"line":89,"column":44}},"44":{"start":{"line":90,"column":4},"end":{"line":90,"column":150}},"45":{"start":{"line":93,"column":2},"end":{"line":96,"column":5}},"46":{"start":{"line":94,"column":36},"end":{"line":94,"column":44}},"47":{"start":{"line":95,"column":4},"end":{"line":95,"column":152}},"48":{"start":{"line":98,"column":2},"end":{"line":139,"column":5}},"49":{"start":{"line":99,"column":17},"end":{"line":99,"column":45}},"50":{"start":{"line":100,"column":4},"end":{"line":138,"column":5}},"51":{"start":{"line":102,"column":8},"end":{"line":102,"column":35}},"52":{"start":{"line":103,"column":8},"end":{"line":103,"column":36}},"53":{"start":{"line":104,"column":8},"end":{"line":104,"column":14}},"54":{"start":{"line":106,"column":8},"end":{"line":111,"column":9}},"55":{"start":{"line":107,"column":10},"end":{"line":107,"column":168}},"56":{"start":{"line":109,"column":10},"end":{"line":109,"column":40}},"57":{"start":{"line":110,"column":10},"end":{"line":110,"column":72}},"58":{"start":{"line":112,"column":8},"end":{"line":112,"column":14}},"59":{"start":{"line":114,"column":8},"end":{"line":118,"column":9}},"60":{"start":{"line":115,"column":10},"end":{"line":115,"column":45}},"61":{"start":{"line":117,"column":10},"end":{"line":117,"column":45}},"62":{"start":{"line":119,"column":8},"end":{"line":119,"column":21}},"63":{"start":{"line":120,"column":4},"end":{"line":120,"column":10}},"64":{"start":{"line":122,"column":4},"end":{"line":122,"column":97}},"65":{"start":{"line":123,"column":4},"end":{"line":123,"column":17}},"66":{"start":{"line":124,"column":4},"end":{"line":126,"column":6}},"67":{"start":{"line":127,"column":8},"end":{"line":127,"column":14}},"68":{"start":{"line":129,"column":8},"end":{"line":129,"column":68}},"69":{"start":{"line":130,"column":8},"end":{"line":130,"column":21}},"70":{"start":{"line":131,"column":8},"end":{"line":133,"column":11}},"71":{"start":{"line":134,"column":8},"end":{"line":134,"column":14}},"72":{"start":{"line":136,"column":8},"end":{"line":136,"column":64}},"73":{"start":{"line":137,"column":8},"end":{"line":137,"column":14}},"74":{"start":{"line":141,"column":2},"end":{"line":153,"column":5}},"75":{"start":{"line":142,"column":4},"end":{"line":152,"column":5}},"76":{"start":{"line":143,"column":6},"end":{"line":149,"column":7}},"77":{"start":{"line":144,"column":8},"end":{"line":144,"column":41}},"78":{"start":{"line":145,"column":8},"end":{"line":145,"column":94}},"79":{"start":{"line":147,"column":8},"end":{"line":147,"column":42}},"80":{"start":{"line":148,"column":8},"end":{"line":148,"column":96}},"81":{"start":{"line":151,"column":6},"end":{"line":151,"column":26}},"82":{"start":{"line":155,"column":2},"end":{"line":158,"column":5}},"83":{"start":{"line":156,"column":52},"end":{"line":156,"column":61}},"84":{"start":{"line":157,"column":4},"end":{"line":157,"column":91}},"85":{"start":{"line":161,"column":2},"end":{"line":170,"column":5}},"86":{"start":{"line":162,"column":4},"end":{"line":169,"column":5}},"87":{"start":{"line":163,"column":6},"end":{"line":168,"column":7}},"88":{"start":{"line":164,"column":8},"end":{"line":164,"column":45}},"89":{"start":{"line":165,"column":8},"end":{"line":165,"column":28}},"90":{"start":{"line":167,"column":8},"end":{"line":167,"column":28}},"91":{"start":{"line":172,"column":22},"end":{"line":221,"column":3}},"92":{"start":{"line":176,"column":17},"end":{"line":176,"column":45}},"93":{"start":{"line":177,"column":20},"end":{"line":177,"column":54}},"94":{"start":{"line":179,"column":16},"end":{"line":182,"column":5}},"95":{"start":{"line":184,"column":4},"end":{"line":220,"column":5}},"96":{"start":{"line":186,"column":8},"end":{"line":186,"column":32}},"97":{"start":{"line":187,"column":8},"end":{"line":187,"column":14}},"98":{"start":{"line":189,"column":8},"end":{"line":189,"column":48}},"99":{"start":{"line":190,"column":8},"end":{"line":190,"column":14}},"100":{"start":{"line":192,"column":8},"end":{"line":192,"column":37}},"101":{"start":{"line":193,"column":8},"end":{"line":193,"column":14}},"102":{"start":{"line":195,"column":8},"end":{"line":195,"column":54}},"103":{"start":{"line":196,"column":8},"end":{"line":196,"column":14}},"104":{"start":{"line":198,"column":8},"end":{"line":198,"column":29}},"105":{"start":{"line":199,"column":8},"end":{"line":199,"column":14}},"106":{"start":{"line":201,"column":8},"end":{"line":201,"column":36}},"107":{"start":{"line":202,"column":8},"end":{"line":202,"column":14}},"108":{"start":{"line":204,"column":8},"end":{"line":204,"column":37}},"109":{"start":{"line":205,"column":4},"end":{"line":205,"column":10}},"110":{"start":{"line":207,"column":4},"end":{"line":207,"column":29}},"111":{"start":{"line":208,"column":8},"end":{"line":208,"column":14}},"112":{"start":{"line":210,"column":4},"end":{"line":210,"column":26}},"113":{"start":{"line":211,"column":8},"end":{"line":211,"column":14}},"114":{"start":{"line":213,"column":8},"end":{"line":213,"column":34}},"115":{"start":{"line":214,"column":8},"end":{"line":214,"column":14}},"116":{"start":{"line":216,"column":8},"end":{"line":216,"column":26}},"117":{"start":{"line":217,"column":8},"end":{"line":217,"column":14}},"118":{"start":{"line":219,"column":8},"end":{"line":219,"column":14}},"119":{"start":{"line":224,"column":26},"end":{"line":260,"column":4}},"120":{"start":{"line":225,"column":4},"end":{"line":259,"column":6}},"121":{"start":{"line":226,"column":6},"end":{"line":258,"column":7}},"122":{"start":{"line":227,"column":8},"end":{"line":227,"column":25}},"123":{"start":{"line":230,"column":29},"end":{"line":230,"column":43}},"124":{"start":{"line":231,"column":8},"end":{"line":257,"column":11}},"125":{"start":{"line":232,"column":10},"end":{"line":256,"column":11}},"126":{"start":{"line":233,"column":12},"end":{"line":233,"column":29}},"127":{"start":{"line":236,"column":36},"end":{"line":236,"column":44}},"128":{"start":{"line":237,"column":35},"end":{"line":239,"column":8}},"129":{"start":{"line":238,"column":7},"end":{"line":238,"column":105}},"130":{"start":{"line":238,"column":52},"end":{"line":238,"column":91}},"131":{"start":{"line":240,"column":12},"end":{"line":255,"column":17}},"132":{"start":{"line":242,"column":16},"end":{"line":250,"column":19}},"133":{"start":{"line":243,"column":18},"end":{"line":249,"column":19}},"134":{"start":{"line":243,"column":63},"end":{"line":243,"column":91}},"135":{"start":{"line":244,"column":20},"end":{"line":248,"column":12}},"136":{"start":{"line":253,"column":16},"end":{"line":253,"column":56}},"137":{"start":{"line":254,"column":16},"end":{"line":254,"column":33}},"138":{"start":{"line":263,"column":32},"end":{"line":298,"column":4}},"139":{"start":{"line":264,"column":4},"end":{"line":297,"column":6}},"140":{"start":{"line":265,"column":6},"end":{"line":296,"column":7}},"141":{"start":{"line":266,"column":8},"end":{"line":266,"column":25}},"142":{"start":{"line":269,"column":29},"end":{"line":269,"column":43}},"143":{"start":{"line":270,"column":8},"end":{"line":295,"column":11}},"144":{"start":{"line":271,"column":10},"end":{"line":294,"column":11}},"145":{"start":{"line":272,"column":12},"end":{"line":272,"column":29}},"146":{"start":{"line":275,"column":36},"end":{"line":275,"column":44}},"147":{"start":{"line":276,"column":12},"end":{"line":293,"column":17}},"148":{"start":{"line":278,"column":16},"end":{"line":288,"column":19}},"149":{"start":{"line":279,"column":18},"end":{"line":287,"column":19}},"150":{"start":{"line":279,"column":52},"end":{"line":279,"column":74}},"151":{"start":{"line":280,"column":20},"end":{"line":286,"column":21}},"152":{"start":{"line":280,"column":51},"end":{"line":280,"column":73}},"153":{"start":{"line":281,"column":22},"end":{"line":285,"column":24}},"154":{"start":{"line":291,"column":16},"end":{"line":291,"column":62}},"155":{"start":{"line":292,"column":16},"end":{"line":292,"column":33}},"156":{"start":{"line":301,"column":31},"end":{"line":361,"column":4}},"157":{"start":{"line":302,"column":18},"end":{"line":328,"column":5}},"158":{"start":{"line":330,"column":4},"end":{"line":360,"column":7}},"159":{"start":{"line":331,"column":6},"end":{"line":359,"column":7}},"160":{"start":{"line":332,"column":8},"end":{"line":332,"column":25}},"161":{"start":{"line":335,"column":29},"end":{"line":335,"column":43}},"162":{"start":{"line":336,"column":8},"end":{"line":336,"column":35}},"163":{"start":{"line":337,"column":8},"end":{"line":358,"column":11}},"164":{"start":{"line":338,"column":10},"end":{"line":357,"column":11}},"165":{"start":{"line":339,"column":12},"end":{"line":339,"column":29}},"166":{"start":{"line":342,"column":36},"end":{"line":342,"column":44}},"167":{"start":{"line":343,"column":12},"end":{"line":356,"column":17}},"168":{"start":{"line":345,"column":16},"end":{"line":351,"column":19}},"169":{"start":{"line":346,"column":18},"end":{"line":350,"column":19}},"170":{"start":{"line":346,"column":52},"end":{"line":346,"column":74}},"171":{"start":{"line":347,"column":20},"end":{"line":349,"column":21}},"172":{"start":{"line":347,"column":51},"end":{"line":347,"column":73}},"173":{"start":{"line":348,"column":22},"end":{"line":348,"column":92}},"174":{"start":{"line":354,"column":16},"end":{"line":354,"column":61}},"175":{"start":{"line":355,"column":16},"end":{"line":355,"column":33}},"176":{"start":{"line":364,"column":24},"end":{"line":394,"column":4}},"177":{"start":{"line":365,"column":20},"end":{"line":365,"column":22}},"178":{"start":{"line":366,"column":4},"end":{"line":388,"column":7}},"179":{"start":{"line":367,"column":6},"end":{"line":387,"column":7}},"180":{"start":{"line":368,"column":8},"end":{"line":368,"column":84}},"181":{"start":{"line":369,"column":8},"end":{"line":369,"column":25}},"182":{"start":{"line":372,"column":8},"end":{"line":386,"column":11}},"183":{"start":{"line":373,"column":10},"end":{"line":385,"column":14}},"184":{"start":{"line":383,"column":14},"end":{"line":383,"column":95}},"185":{"start":{"line":384,"column":14},"end":{"line":384,"column":31}},"186":{"start":{"line":389,"column":4},"end":{"line":393,"column":9}},"187":{"start":{"line":391,"column":8},"end":{"line":391,"column":91}},"188":{"start":{"line":392,"column":8},"end":{"line":392,"column":25}},"189":{"start":{"line":397,"column":31},"end":{"line":454,"column":4}},"190":{"start":{"line":398,"column":24},"end":{"line":398,"column":43}},"191":{"start":{"line":399,"column":15},"end":{"line":399,"column":51}},"192":{"start":{"line":400,"column":15},"end":{"line":400,"column":33}},"193":{"start":{"line":401,"column":15},"end":{"line":401,"column":29}},"194":{"start":{"line":402,"column":16},"end":{"line":402,"column":35}},"195":{"start":{"line":403,"column":24},"end":{"line":403,"column":106}},"196":{"start":{"line":405,"column":31},"end":{"line":405,"column":52}},"197":{"start":{"line":407,"column":30},"end":{"line":409,"column":6}},"198":{"start":{"line":408,"column":6},"end":{"line":408,"column":35}},"199":{"start":{"line":411,"column":4},"end":{"line":415,"column":8}},"200":{"start":{"line":413,"column":8},"end":{"line":413,"column":51}},"201":{"start":{"line":414,"column":8},"end":{"line":414,"column":49}},"202":{"start":{"line":418,"column":6},"end":{"line":420,"column":7}},"203":{"start":{"line":418,"column":19},"end":{"line":418,"column":20}},"204":{"start":{"line":419,"column":8},"end":{"line":419,"column":26}},"205":{"start":{"line":424,"column":6},"end":{"line":426,"column":7}},"206":{"start":{"line":425,"column":8},"end":{"line":425,"column":15}},"207":{"start":{"line":428,"column":6},"end":{"line":444,"column":10}},"208":{"start":{"line":436,"column":10},"end":{"line":438,"column":16}},"209":{"start":{"line":437,"column":12},"end":{"line":437,"column":47}},"210":{"start":{"line":439,"column":10},"end":{"line":439,"column":51}},"211":{"start":{"line":442,"column":10},"end":{"line":442,"column":25}},"212":{"start":{"line":443,"column":10},"end":{"line":443,"column":51}},"213":{"start":{"line":447,"column":8},"end":{"line":451,"column":11}},"214":{"start":{"line":458,"column":17},"end":{"line":460,"column":5}},"215":{"start":{"line":461,"column":18},"end":{"line":478,"column":5}},"216":{"start":{"line":479,"column":4},"end":{"line":483,"column":9}},"217":{"start":{"line":482,"column":8},"end":{"line":482,"column":69}},"218":{"start":{"line":487,"column":4},"end":{"line":487,"column":60}},"219":{"start":{"line":491,"column":25},"end":{"line":493,"column":6}},"220":{"start":{"line":492,"column":6},"end":{"line":492,"column":39}},"221":{"start":{"line":495,"column":6},"end":{"line":531,"column":11}},"222":{"start":{"line":530,"column":10},"end":{"line":530,"column":53}},"223":{"start":{"line":535,"column":17},"end":{"line":537,"column":5}},"224":{"start":{"line":538,"column":4},"end":{"line":542,"column":14}},"225":{"start":{"line":546,"column":25},"end":{"line":546,"column":64}},"226":{"start":{"line":546,"column":44},"end":{"line":546,"column":63}},"227":{"start":{"line":548,"column":4},"end":{"line":548,"column":52}},"228":{"start":{"line":549,"column":4},"end":{"line":549,"column":44}},"229":{"start":{"line":550,"column":4},"end":{"line":550,"column":50}},"230":{"start":{"line":551,"column":4},"end":{"line":551,"column":36}},"231":{"start":{"line":552,"column":4},"end":{"line":552,"column":47}},"232":{"start":{"line":553,"column":17},"end":{"line":555,"column":5}},"233":{"start":{"line":556,"column":18},"end":{"line":556,"column":28}},"234":{"start":{"line":558,"column":4},"end":{"line":573,"column":38}},"235":{"start":{"line":560,"column":8},"end":{"line":567,"column":11}},"236":{"start":{"line":570,"column":8},"end":{"line":570,"column":70}},"237":{"start":{"line":571,"column":8},"end":{"line":571,"column":22}},"238":{"start":{"line":573,"column":20},"end":{"line":573,"column":36}},"239":{"start":{"line":578,"column":4},"end":{"line":647,"column":7}},"240":{"start":{"line":579,"column":6},"end":{"line":646,"column":7}},"241":{"start":{"line":580,"column":8},"end":{"line":580,"column":25}},"242":{"start":{"line":582,"column":11},"end":{"line":646,"column":7}},"243":{"start":{"line":582,"column":36},"end":{"line":582,"column":58}},"244":{"start":{"line":583,"column":21},"end":{"line":585,"column":9}},"245":{"start":{"line":586,"column":8},"end":{"line":590,"column":18}},"246":{"start":{"line":595,"column":10},"end":{"line":596,"column":69}},"247":{"start":{"line":598,"column":8},"end":{"line":645,"column":13}},"248":{"start":{"line":606,"column":12},"end":{"line":636,"column":17}},"249":{"start":{"line":608,"column":16},"end":{"line":635,"column":17}},"250":{"start":{"line":609,"column":18},"end":{"line":609,"column":35}},"251":{"start":{"line":610,"column":31},"end":{"line":612,"column":19}},"252":{"start":{"line":613,"column":18},"end":{"line":613,"column":94}},"253":{"start":{"line":616,"column":31},"end":{"line":618,"column":19}},"254":{"start":{"line":619,"column":18},"end":{"line":623,"column":28}},"255":{"start":{"line":624,"column":18},"end":{"line":634,"column":19}},"256":{"start":{"line":625,"column":20},"end":{"line":633,"column":22}},"257":{"start":{"line":640,"column":12},"end":{"line":640,"column":29}},"258":{"start":{"line":641,"column":25},"end":{"line":643,"column":13}},"259":{"start":{"line":644,"column":12},"end":{"line":644,"column":62}},"260":{"start":{"line":651,"column":20},"end":{"line":651,"column":22}},"261":{"start":{"line":652,"column":4},"end":{"line":707,"column":7}},"262":{"start":{"line":653,"column":6},"end":{"line":706,"column":7}},"263":{"start":{"line":654,"column":8},"end":{"line":654,"column":25}},"264":{"start":{"line":657,"column":28},"end":{"line":657,"column":72}},"265":{"start":{"line":657,"column":49},"end":{"line":657,"column":71}},"266":{"start":{"line":658,"column":8},"end":{"line":705,"column":9}},"267":{"start":{"line":659,"column":23},"end":{"line":661,"column":11}},"268":{"start":{"line":662,"column":10},"end":{"line":662,"column":82}},"269":{"start":{"line":665,"column":27},"end":{"line":667,"column":61}},"270":{"start":{"line":668,"column":10},"end":{"line":670,"column":11}},"271":{"start":{"line":669,"column":12},"end":{"line":669,"column":36}},"272":{"start":{"line":672,"column":10},"end":{"line":683,"column":13}},"273":{"start":{"line":673,"column":12},"end":{"line":682,"column":46}},"274":{"start":{"line":682,"column":28},"end":{"line":682,"column":44}},"275":{"start":{"line":685,"column":23},"end":{"line":687,"column":11}},"276":{"start":{"line":688,"column":10},"end":{"line":694,"column":20}},"277":{"start":{"line":696,"column":10},"end":{"line":704,"column":11}},"278":{"start":{"line":697,"column":12},"end":{"line":703,"column":15}},"279":{"start":{"line":708,"column":4},"end":{"line":708,"column":65}},"280":{"start":{"line":708,"column":47},"end":{"line":708,"column":63}},"281":{"start":{"line":713,"column":2},"end":{"line":720,"column":12}},"282":{"start":{"line":722,"column":14},"end":{"line":724,"column":6}},"283":{"start":{"line":726,"column":2},"end":{"line":730,"column":14}},"284":{"start":{"line":734,"column":4},"end":{"line":759,"column":9}},"285":{"start":{"line":758,"column":8},"end":{"line":758,"column":52}},"286":{"start":{"line":763,"column":4},"end":{"line":779,"column":38}},"287":{"start":{"line":769,"column":8},"end":{"line":777,"column":10}},"288":{"start":{"line":772,"column":10},"end":{"line":774,"column":11}},"289":{"start":{"line":773,"column":12},"end":{"line":773,"column":28}},"290":{"start":{"line":775,"column":10},"end":{"line":775,"column":32}},"291":{"start":{"line":776,"column":10},"end":{"line":776,"column":47}},"292":{"start":{"line":779,"column":20},"end":{"line":779,"column":36}},"293":{"start":{"line":780,"column":4},"end":{"line":782,"column":5}},"294":{"start":{"line":781,"column":6},"end":{"line":781,"column":40}},"295":{"start":{"line":787,"column":23},"end":{"line":789,"column":4}},"296":{"start":{"line":788,"column":6},"end":{"line":788,"column":41}},"297":{"start":{"line":791,"column":4},"end":{"line":829,"column":5}},"298":{"start":{"line":792,"column":6},"end":{"line":819,"column":9}},"299":{"start":{"line":818,"column":8},"end":{"line":818,"column":52}},"300":{"start":{"line":821,"column":19},"end":{"line":823,"column":7}},"301":{"start":{"line":824,"column":6},"end":{"line":828,"column":16}},"302":{"start":{"line":833,"column":2},"end":{"line":840,"column":4}},"303":{"start":{"line":839,"column":3},"end":{"line":839,"column":37}},"304":{"start":{"line":844,"column":25},"end":{"line":844,"column":37}},"305":{"start":{"line":846,"column":17},"end":{"line":848,"column":5}},"306":{"start":{"line":850,"column":4},"end":{"line":860,"column":2}},"307":{"start":{"line":851,"column":6},"end":{"line":859,"column":4}},"308":{"start":{"line":852,"column":8},"end":{"line":858,"column":6}},"309":{"start":{"line":853,"column":10},"end":{"line":857,"column":18}},"310":{"start":{"line":865,"column":4},"end":{"line":879,"column":7}},"311":{"start":{"line":866,"column":6},"end":{"line":878,"column":7}},"312":{"start":{"line":867,"column":21},"end":{"line":875,"column":9}},"313":{"start":{"line":876,"column":8},"end":{"line":876,"column":85}},"314":{"start":{"line":877,"column":8},"end":{"line":877,"column":32}},"315":{"start":{"line":883,"column":23},"end":{"line":892,"column":4}},"316":{"start":{"line":884,"column":4},"end":{"line":891,"column":7}},"317":{"start":{"line":885,"column":6},"end":{"line":885,"column":31}},"318":{"start":{"line":886,"column":6},"end":{"line":886,"column":32}},"319":{"start":{"line":887,"column":6},"end":{"line":887,"column":29}},"320":{"start":{"line":888,"column":6},"end":{"line":888,"column":25}},"321":{"start":{"line":889,"column":6},"end":{"line":889,"column":28}},"322":{"start":{"line":890,"column":6},"end":{"line":890,"column":26}},"323":{"start":{"line":895,"column":24},"end":{"line":915,"column":4}},"324":{"start":{"line":896,"column":4},"end":{"line":914,"column":6}},"325":{"start":{"line":897,"column":6},"end":{"line":913,"column":7}},"326":{"start":{"line":898,"column":8},"end":{"line":898,"column":25}},"327":{"start":{"line":901,"column":29},"end":{"line":901,"column":43}},"328":{"start":{"line":902,"column":8},"end":{"line":912,"column":10}},"329":{"start":{"line":903,"column":10},"end":{"line":911,"column":11}},"330":{"start":{"line":903,"column":41},"end":{"line":903,"column":63}},"331":{"start":{"line":904,"column":12},"end":{"line":910,"column":13}},"332":{"start":{"line":905,"column":14},"end":{"line":909,"column":16}},"333":{"start":{"line":918,"column":23},"end":{"line":938,"column":4}},"334":{"start":{"line":919,"column":4},"end":{"line":937,"column":7}},"335":{"start":{"line":920,"column":6},"end":{"line":936,"column":7}},"336":{"start":{"line":921,"column":8},"end":{"line":921,"column":25}},"337":{"start":{"line":924,"column":29},"end":{"line":924,"column":43}},"338":{"start":{"line":925,"column":8},"end":{"line":935,"column":10}},"339":{"start":{"line":926,"column":10},"end":{"line":934,"column":11}},"340":{"start":{"line":926,"column":41},"end":{"line":926,"column":63}},"341":{"start":{"line":927,"column":12},"end":{"line":933,"column":13}},"342":{"start":{"line":928,"column":14},"end":{"line":932,"column":16}},"343":{"start":{"line":941,"column":4},"end":{"line":956,"column":6}},"344":{"start":{"line":960,"column":2},"end":{"line":968,"column":3}},"345":{"start":{"line":960,"column":14},"end":{"line":960,"column":15}},"346":{"start":{"line":961,"column":6},"end":{"line":967,"column":4}},"347":{"start":{"line":962,"column":4},"end":{"line":966,"column":5}}},"fnMap":{"0":{"name":"(anonymous_0)","decl":{"start":{"line":11,"column":17},"end":{"line":11,"column":18}},"loc":{"start":{"line":11,"column":26},"end":{"line":970,"column":1}},"line":11},"1":{"name":"(anonymous_1)","decl":{"start":{"line":13,"column":10},"end":{"line":13,"column":11}},"loc":{"start":{"line":13,"column":22},"end":{"line":18,"column":5}},"line":13},"2":{"name":"(anonymous_2)","decl":{"start":{"line":15,"column":29},"end":{"line":15,"column":30}},"loc":{"start":{"line":15,"column":40},"end":{"line":17,"column":7}},"line":15},"3":{"name":"(anonymous_3)","decl":{"start":{"line":19,"column":11},"end":{"line":19,"column":12}},"loc":{"start":{"line":19,"column":18},"end":{"line":19,"column":34}},"line":19},"4":{"name":"(anonymous_4)","decl":{"start":{"line":21,"column":43},"end":{"line":21,"column":44}},"loc":{"start":{"line":21,"column":66},"end":{"line":28,"column":3}},"line":21},"5":{"name":"(anonymous_5)","decl":{"start":{"line":30,"column":30},"end":{"line":30,"column":31}},"loc":{"start":{"line":30,"column":44},"end":{"line":33,"column":3}},"line":30},"6":{"name":"(anonymous_6)","decl":{"start":{"line":35,"column":29},"end":{"line":35,"column":30}},"loc":{"start":{"line":35,"column":43},"end":{"line":38,"column":3}},"line":35},"7":{"name":"(anonymous_7)","decl":{"start":{"line":40,"column":27},"end":{"line":40,"column":28}},"loc":{"start":{"line":40,"column":41},"end":{"line":43,"column":3}},"line":40},"8":{"name":"(anonymous_8)","decl":{"start":{"line":45,"column":30},"end":{"line":45,"column":31}},"loc":{"start":{"line":45,"column":44},"end":{"line":48,"column":3}},"line":45},"9":{"name":"(anonymous_9)","decl":{"start":{"line":50,"column":30},"end":{"line":50,"column":31}},"loc":{"start":{"line":50,"column":44},"end":{"line":53,"column":3}},"line":50},"10":{"name":"(anonymous_10)","decl":{"start":{"line":56,"column":28},"end":{"line":56,"column":29}},"loc":{"start":{"line":56,"column":42},"end":{"line":86,"column":3}},"line":56},"11":{"name":"(anonymous_11)","decl":{"start":{"line":79,"column":14},"end":{"line":79,"column":15}},"loc":{"start":{"line":79,"column":34},"end":{"line":81,"column":9}},"line":79},"12":{"name":"(anonymous_12)","decl":{"start":{"line":82,"column":15},"end":{"line":82,"column":16}},"loc":{"start":{"line":82,"column":32},"end":{"line":84,"column":9}},"line":82},"13":{"name":"(anonymous_13)","decl":{"start":{"line":88,"column":29},"end":{"line":88,"column":30}},"loc":{"start":{"line":88,"column":43},"end":{"line":91,"column":3}},"line":88},"14":{"name":"(anonymous_14)","decl":{"start":{"line":93,"column":30},"end":{"line":93,"column":31}},"loc":{"start":{"line":93,"column":44},"end":{"line":96,"column":3}},"line":93},"15":{"name":"(anonymous_15)","decl":{"start":{"line":98,"column":33},"end":{"line":98,"column":34}},"loc":{"start":{"line":98,"column":47},"end":{"line":139,"column":3}},"line":98},"16":{"name":"(anonymous_16)","decl":{"start":{"line":141,"column":25},"end":{"line":141,"column":26}},"loc":{"start":{"line":141,"column":39},"end":{"line":153,"column":3}},"line":141},"17":{"name":"(anonymous_17)","decl":{"start":{"line":155,"column":21},"end":{"line":155,"column":22}},"loc":{"start":{"line":155,"column":35},"end":{"line":158,"column":3}},"line":155},"18":{"name":"(anonymous_18)","decl":{"start":{"line":161,"column":33},"end":{"line":161,"column":34}},"loc":{"start":{"line":161,"column":47},"end":{"line":170,"column":3}},"line":161},"19":{"name":"(anonymous_19)","decl":{"start":{"line":172,"column":22},"end":{"line":172,"column":23}},"loc":{"start":{"line":172,"column":41},"end":{"line":221,"column":3}},"line":172},"20":{"name":"(anonymous_20)","decl":{"start":{"line":224,"column":71},"end":{"line":224,"column":72}},"loc":{"start":{"line":224,"column":77},"end":{"line":260,"column":3}},"line":224},"21":{"name":"(anonymous_21)","decl":{"start":{"line":225,"column":32},"end":{"line":225,"column":33}},"loc":{"start":{"line":225,"column":57},"end":{"line":259,"column":5}},"line":225},"22":{"name":"(anonymous_22)","decl":{"start":{"line":231,"column":34},"end":{"line":231,"column":35}},"loc":{"start":{"line":231,"column":53},"end":{"line":257,"column":9}},"line":231},"23":{"name":"(anonymous_23)","decl":{"start":{"line":237,"column":57},"end":{"line":237,"column":58}},"loc":{"start":{"line":237,"column":68},"end":{"line":239,"column":7}},"line":237},"24":{"name":"(anonymous_24)","decl":{"start":{"line":238,"column":39},"end":{"line":238,"column":40}},"loc":{"start":{"line":238,"column":52},"end":{"line":238,"column":91}},"line":238},"25":{"name":"(anonymous_25)","decl":{"start":{"line":241,"column":20},"end":{"line":241,"column":21}},"loc":{"start":{"line":241,"column":29},"end":{"line":251,"column":15}},"line":241},"26":{"name":"(anonymous_26)","decl":{"start":{"line":242,"column":38},"end":{"line":242,"column":39}},"loc":{"start":{"line":242,"column":46},"end":{"line":250,"column":17}},"line":242},"27":{"name":"(anonymous_27)","decl":{"start":{"line":243,"column":52},"end":{"line":243,"column":53}},"loc":{"start":{"line":243,"column":63},"end":{"line":243,"column":91}},"line":243},"28":{"name":"(anonymous_28)","decl":{"start":{"line":252,"column":21},"end":{"line":252,"column":22}},"loc":{"start":{"line":252,"column":28},"end":{"line":255,"column":15}},"line":252},"29":{"name":"(anonymous_29)","decl":{"start":{"line":263,"column":79},"end":{"line":263,"column":80}},"loc":{"start":
[...]
:{"start":{"line":919,"column":32},"end":{"line":919,"column":33}},"loc":{"start":{"line":919,"column":57},"end":{"line":937,"column":5}},"line":919},"110":{"name":"(anonymous_110)","decl":{"start":{"line":925,"column":25},"end":{"line":925,"column":26}},"loc":{"start":{"line":925,"column":33},"end":{"line":935,"column":9}},"line":925},"111":{"name":"(anonymous_111)","decl":{"start":{"line":926,"column":36},"end":{"line":926,"column":37}},"loc":{"start":{"line":926,"column":41},"end":{"line":926,"column":63}},"line":926},"112":{"name":"addStudentToStudentsArray","decl":{"start":{"line":940,"column":11},"end":{"line":940,"column":36}},"loc":{"start":{"line":940,"column":46},"end":{"line":957,"column":2}},"line":940},"113":{"name":"updateStudentInArray","decl":{"start":{"line":959,"column":10},"end":{"line":959,"column":30}},"loc":{"start":{"line":959,"column":39},"end":{"line":969,"column":2}},"line":959}},"branchMap":{"0":{"loc":{"start":{"line":7,"column":10},"end":{"line":7,"column":80}},"type":"cond-expr","locations":[{"start":{"line":7,"column":33},"end":{"line":7,"column":53}},{"start":{"line":7,"column":56},"end":{"line":7,"column":80}}],"line":7},"1":{"loc":{"start":{"line":22,"column":4},"end":{"line":26,"column":3}},"type":"if","locations":[{"start":{"line":22,"column":4},"end":{"line":26,"column":3}},{"start":{"line":22,"column":4},"end":{"line":26,"column":3}}],"line":22},"2":{"loc":{"start":{"line":57,"column":4},"end":{"line":60,"column":5}},"type":"if","locations":[{"start":{"line":57,"column":4},"end":{"line":60,"column":5}},{"start":{"line":57,"column":4},"end":{"line":60,"column":5}}],"line":57},"3":{"loc":{"start":{"line":61,"column":4},"end":{"line":85,"column":5}},"type":"if","locations":[{"start":{"line":61,"column":4},"end":{"line":85,"column":5}},{"start":{"line":61,"column":4},"end":{"line":85,"column":5}}],"line":61},"4":{"loc":{"start":{"line":100,"column":4},"end":{"line":138,"column":5}},"type":"switch","locations":[{"start":{"line":101,"column":6},"end":{"line":104,"column":14}},{"start":{"line":105,"column":6},"end":{"line":112,"column":14}},{"start":{"line":113,"column":6},"end":{"line":120,"column":10}},{"start":{"line":121,"column":3},"end":{"line":127,"column":14}},{"start":{"line":128,"column":8},"end":{"line":134,"column":14}},{"start":{"line":135,"column":6},"end":{"line":137,"column":14}}],"line":100},"5":{"loc":{"start":{"line":106,"column":8},"end":{"line":111,"column":9}},"type":"if","locations":[{"start":{"line":106,"column":8},"end":{"line":111,"column":9}},{"start":{"line":106,"column":8},"end":{"line":111,"column":9}}],"line":106},"6":{"loc":{"start":{"line":114,"column":8},"end":{"line":118,"column":9}},"type":"if","locations":[{"start":{"line":114,"column":8},"end":{"line":118,"column":9}},{"start":{"line":114,"column":8},"end":{"line":118,"column":9}}],"line":114},"7":{"loc":{"start":{"line":142,"column":4},"end":{"line":152,"column":5}},"type":"if","locations":[{"start":{"line":142,"column":4},"end":{"line":152,"column":5}},{"start":{"line":142,"column":4},"end":{"line":152,"column":5}}],"line":142},"8":{"loc":{"start":{"line":142,"column":8},"end":{"line":142,"column":50}},"type":"binary-expr","locations":[{"start":{"line":142,"column":8},"end":{"line":142,"column":43}},{"start":{"line":142,"column":47},"end":{"line":142,"column":50}}],"line":142},"9":{"loc":{"start":{"line":143,"column":6},"end":{"line":149,"column":7}},"type":"if","locations":[{"start":{"line":143,"column":6},"end":{"line":149,"column":7}},{"start":{"line":143,"column":6},"end":{"line":149,"column":7}}],"line":143},"10":{"loc":{"start":{"line":162,"column":4},"end":{"line":169,"column":5}},"type":"if","locations":[{"start":{"line":162,"column":4},"end":{"line":169,"column":5}},{"start":{"line":162,"column":4},"end":{"line":169,"column":5}}],"line":162},"11":{"loc":{"start":{"line":162,"column":8},"end":{"line":162,"column":50}},"type":"binary-expr","locations":[{"start":{"line":162,"column":8},"end":{"line":162,"column":43}},{"start":{"line":162,"column":47},"end":{"line":162,"column":50}}],"line":162},"12":{"loc":{"start":{"line":163,"column":6},"end":{"line":168,"column":7}},"type":"if","locations":[{"start":{"line":163,"column":6},"end":{"line":168,"column":7}},{"start":{"line":163,"column":6},"end":{"line":168,"column":7}}],"line":163},"13":{"loc":{"start":{"line":176,"column":17},"end":{"line":176,"column":45}},"type":"binary-expr","locations":[{"start":{"line":176,"column":17},"end":{"line":176,"column":29}},{"start":{"line":176,"column":33},"end":{"line":176,"column":45}}],"line":176},"14":{"loc":{"start":{"line":177,"column":20},"end":{"line":177,"column":54}},"type":"binary-expr","locations":[{"start":{"line":177,"column":20},"end":{"line":177,"column":35}},{"start":{"line":177,"column":39},"end":{"line":177,"column":54}}],"line":177},"15":{"loc":{"start":{"line":184,"column":4},"end":{"line":220,"column":5}},"type":"switch","locations":[{"start":{"line":185,"column":6},"end":{"line":187,"column":14}},{"start":{"line":188,"column":6},"end":{"line":190,"column":14}},{"start":{"line":191,"column":6},"end":{"line":193,"column":14}},{"start":{"line":194,"column":6},"end":{"line":196,"column":14}},{"start":{"line":197,"column":6},"end":{"line":199,"column":14}},{"start":{"line":200,"column":6},"end":{"line":202,"column":14}},{"start":{"line":203,"column":6},"end":{"line":205,"column":10}},{"start":{"line":206,"column":3},"end":{"line":208,"column":14}},{"start":{"line":209,"column":6},"end":{"line":211,"column":14}},{"start":{"line":212,"column":6},"end":{"line":214,"column":14}},{"start":{"line":215,"column":6},"end":{"line":217,"column":14}},{"start":{"line":218,"column":6},"end":{"line":219,"column":14}}],"line":184},"16":{"loc":{"start":{"line":226,"column":6},"end":{"line":258,"column":7}},"type":"if","locations":[{"start":{"line":226,"column":6},"end":{"line":258,"column":7}},{"start":{"line":226,"column":6},"end":{"line":258,"column":7}}],"line":226},"17":{"loc":{"start":{"line":232,"column":10},"end":{"line":256,"column":11}},"type":"if","locations":[{"start":{"line":232,"column":10},"end":{"line":256,"column":11}},{"start":{"line":232,"column":10},"end":{"line":256,"column":11}}],"line":232},"18":{"loc":{"start":{"line":243,"column":18},"end":{"line":249,"column":19}},"type":"if","locations":[{"start":{"line":243,"column":18},"end":{"line":249,"column":19}},{"start":{"line":243,"column":18},"end":{"line":249,"column":19}}],"line":243},"19":{"loc":{"start":{"line":265,"column":6},"end":{"line":296,"column":7}},"type":"if","locations":[{"start":{"line":265,"column":6},"end":{"line":296,"column":7}},{"start":{"line":265,"column":6},"end":{"line":296,"column":7}}],"line":265},"20":{"loc":{"start":{"line":271,"column":10},"end":{"line":294,"column":11}},"type":"if","locations":[{"start":{"line":271,"column":10},"end":{"line":294,"column":11}},{"start":{"line":271,"column":10},"end":{"line":294,"column":11}}],"line":271},"21":{"loc":{"start":{"line":279,"column":18},"end":{"line":287,"column":19}},"type":"if","locations":[{"start":{"line":279,"column":18},"end":{"line":287,"column":19}},{"start":{"line":279,"column":18},"end":{"line":287,"column":19}}],"line":279},"22":{"loc":{"start":{"line":280,"column":20},"end":{"line":286,"column":21}},"type":"if","locations":[{"start":{"line":280,"column":20},"end":{"line":286,"column":21}},{"start":{"line":280,"column":20},"end":{"line":286,"column":21}}],"line":280},"23":{"loc":{"start":{"line":331,"column":6},"end":{"line":359,"column":7}},"type":"if","locations":[{"start":{"line":331,"column":6},"end":{"line":359,"column":7}},{"start":{"line":331,"column":6},"end":{"line":359,"column":7}}],"line":331},"24":{"loc":{"start":{"line":338,"column":10},"end":{"line":357,"column":11}},"type":"if","locations":[{"start":{"line":338,"column":10},"end":{"line":357,"column":11}},{"start":{"line":338,"column":10},"end":{"line":357,"column":11}}],"line":338},"25":{"loc":{"start":{"line":346,"column":18},"end":{"line":350,"column":19}},"type":"if","locations":[{"start":{"line":346,"column":18},"end":{"line":350,"column":19}},{"start":{"line":346,"column":18},"end":{"line":350,"column":19}}],"line":346},"26":{"loc":{"start":{"line":347,"column":20},"end":{"line":349,"column":21}},"type":"if","locations":[{"start":{"line":347,"column":20},"end":{"line":349,"column":21}},{"start":{"line":347,"column":20},"end":{"line":349,"column":21}}],"line":347},"27":{"loc":{"start":{"line":367,"column":6},"end":{"line":387,"column":7}},"type":"if","locations":[{"start":{"line":367,"column":6},"end":{"line":387,"column":7}},{"start":{"line":367,"column":6},"end":{"line":387,"column":7}}],"line":367},"28":{"loc":{"start":{"line":424,"column":6},"end":{"line":426,"column":7}},"type":"if","locations":[{"start":{"line":424,"column":6},"end":{"line":426,"column":7}},{"start":{"line":424,"column":6},"end":{"line":426,"column":7}}],"line":424},"29":{"loc":{"start":{"line":579,"column":6},"end":{"line":646,"column":7}},"type":"if","locations":[{"start":{"line":579,"column":6},"end":{"line":646,"column":7}},{"start":{"line":579,"column":6},"end":{"line":646,"column":7}}],"line":579},"30":{"loc":{"start":{"line":582,"column":11},"end":{"line":646,"column":7}},"type":"if","locations":[{"start":{"line":582,"column":11},"end":{"line":646,"column":7}},{"start":{"line":582,"column":11},"end":{"line":646,"column":7}}],"line":582},"31":{"loc":{"start":{"line":595,"column":10},"end":{"line":596,"column":69}},"type":"binary-expr","locations":[{"start":{"line":595,"column":11},"end":{"line":595,"column":18}},{"start":{"line":595,"column":22},"end":{"line":595,"column":30}},{"start":{"line":595,"column":36},"end":{"line":596,"column":18}},{"start":{"line":596,"column":22},"end":{"line":596,"column":68}}],"line":595},"32":{"loc":{"start":{"line":608,"column":16},"end":{"line":635,"column":17}},"type":"if","locations":[{"start":{"line":608,"column":16},"end":{"line":635,"column":17}},{"start":{"line":608,"column":16},"end":{"line":635,"column":17}}],"line":608},"33":{"loc":{"start":{"line":624,"column":18},"end":{"line":634,"column":19}},"type":"if","locations":[{"start":{"line":624,"column":18},"end":{"line":634,"column":19}},{"start":{"line":624,"column":18},"end":{"line":634,"column":19}}],"line":624},"34":{"loc":{"start":{"line":650,"column":43},"end":{"line":650,"column":59}},"type":"default-arg","locations":[{"start":{"line":650,"column":53},"end":{"line":650,"column":59}}],"line":650},"35":{"loc":{"start":{"line":653,"column":6},"end":{"line":706,"column":7}},"type":"if","locations":[{"start":{"line":653,"column":6},"end":{"line":706,"column":7}},{"start":{"line":653,"column":6},"end":{"line":706,"column":7}}],"line":653},"36":{"loc":{"start":{"line":658,"column":8},"end":{"line":705,"column":9}},"type":"if","locations":[{"start":{"line":658,"column":8},"end":{"line":705,"column":9}},{"start":{"line":658,"column":8},"end":{"line":705,"column":9}}],"line":658},"37":{"loc":{"start":{"line":665,"column":27},"end":{"line":667,"column":61}},"type":"binary-expr","locations":[{"start":{"line":665,"column":28},"end":{"line":665,"column":35}},{"start":{"line":665,"column":39},"end":{"line":665,"column":47}},{"start":{"line":666,"column":13},"end":{"line":666,"column":57}},{"start":{"line":667,"column":14},"end":{"line":667,"column":60}}],"line":665},"38":{"loc":{"start":{"line":668,"column":10},"end":{"line":670,"column":11}},"type":"if","locations":[{"start":{"line":668,"column":10},"end":{"line":670,"column":11}},{"start":{"line":668,"column":10},"end":{"line":670,"column":11}}],"line":668},"39":{"loc":{"start":{"line":668,"column":14},"end":{"line":668,"column":45}},"type":"binary-expr","locations":[{"start":{"line":668,"column":14},"end":{"line":668,"column":32}},{"start":{"line":668,"column":36},"end":{"line":668,"column":45}}],"line":668},"40":{"loc":{"start":{"line":691,"column":12},"end":{"line":693,"column":37}},"type":"cond-expr","locations":[{"start":{"line":692,"column":14},"end":{"line":692,"column":66}},{"start":{"line":693,"column":14},"end":{"line":693,"column":37}}],"line":691},"41":{"loc":{"start":{"line":696,"column":10},"end":{"line":704,"column":11}},"type":"if","locations":[{"start":{"line":696,"column":10},"end":{"line":704,"column":11}},{"start":{"line":696,"column":10},"end":{"line":704,"column":11}}],"line":696},"42":{"loc":{"start":{"line":772,"column":10},"end":{"line":774,"column":11}},"type":"if","locations":[{"start":{"line":772,"column":10},"end":{"line":774,"column":11}},{"start":{"line":772,"column":10},"end":{"line":774,"column":11}}],"line":772},"43":{"loc":{"start":{"line":791,"column":4},"end":{"line":829,"column":5}},"type":"if","locations":[{"start":{"line":791,"column":4},"end":{"line":829,"column":5}},{"start":{"line":791,"column":4},"end":{"line":829,"column":5}}],"line":791},"44":{"loc":{"start":{"line":866,"column":6},"end":{"line":878,"column":7}},"type":"if","locations":[{"start":{"line":866,"column":6},"end":{"line":878,"column":7}},{"start":{"line":866,"column":6},"end":{"line":878,"column":7}}],"line":866},"45":{"loc":{"start":{"line":866,"column":10},"end":{"line":866,"column":66}},"type":"binary-expr","locations":[{"start":{"line":866,"column":10},"end":{"line":866,"column":36}},{"start":{"line":866,"column":40},"end":{"line":866,"column":66}}],"line":866},"46":{"loc":{"start":{"line":897,"column":6},"end":{"line":913,"column":7}},"type":"if","locations":[{"start":{"line":897,"column":6},"end":{"line":913,"column":7}},{"start":{"line":897,"column":6},"end":{"line":913,"column":7}}],"line":897},"47":{"loc":{"start":{"line":903,"column":10},"end":{"line":911,"column":11}},"type":"if","locations":[{"start":{"line":903,"column":10},"end":{"line":911,"column":11}},{"start":{"line":903,"column":10},"end":{"line":911,"column":11}}],"line":903},"48":{"loc":{"start":{"line":904,"column":12},"end":{"line":910,"column":13}},"type":"if","locations":[{"start":{"line":904,"column":12},"end":{"line":910,"column":13}},{"start":{"line":904,"column":12},"end":{"line":910,"column":13}}],"line":904},"49":{"loc":{"start":{"line":920,"column":6},"end":{"line":936,"column":7}},"type":"if","locations":[{"start":{"line":920,"column":6},"end":{"line":936,"column":7}},{"start":{"line":920,"column":6},"end":{"line":936,"column":7}}],"line":920},"50":{"loc":{"start":{"line":926,"column":10},"end":{"line":934,"column":11}},"type":"if","locations":[{"start":{"line":926,"column":10},"end":{"line":934,"column":11}},{"start":{"line":926,"column":10},"end":{"line":934,"column":11}}],"line":926},"51":{"loc":{"start":{"line":927,"column":12},"end":{"line":933,"column":13}},"type":"if","locations":[{"start":{"line":927,"column":12},"end":{"line":933,"column":13}},{"start":{"line":927,"column":12},"end":{"line":933,"column":13}}],"line":927},"52":{"loc":{"start":{"line":961,"column":6},"end":{"line":967,"column":4}},"type":"if","locations":[{"start":{"line":961,"column":6},"end":{"line":967,"column":4}},{"start":{"line":961,"column":6},"end":{"line":967,"column":4}}],"line":961}},"s":{"0":1,"1":1,"2":1,"3":1,"4":1,"5":1,"6":1,"7":1,"8":1,"9":1,"10":5,"11":0,"12":1,"13":0,"14":0,"15":0,"16":0,"17":1,"18":1,"19":1,"20":1,"21":0,"22":0,"23":1,"24":0,"25":0,"26":1,"27":0,"28":0,"29":1,"30":0,"31":0,"32":1,"33":0,"34":0,"35":0,"36":0,"37":0,"38":0,"39":0,"40":0,"41":0,"42":1,"43":1,"44":1,"45":1,"46":1,"47":1,"48":1,"49":0,"50":0,"51":0,"52":0,"53":0,"54":0,"55":0,"56":0,"57":0,"58":0,"59":0,"60":0,"61":0,"62":0,"63":0,"64":0,"65":0,"66":0,"67":0,"68":0,"69":0,"70":0,"71":0,"72":0,"73":0,"74":1,"75":0,"76":0,"77":0,"78":0,"79":0,"80":0,"81":0,"82":1,"83":0,"84":0,"85":1,"86":0,"87":0,"88":0,"89":0,"90":0,"91":1,"92":1,"93":1,"94":1,"95":1,"96":1,"97":1,"98":0,"99":0,"100":0,"101":0,"102":0,"103":0,"104":0,"105":0,"106":0,"107":0,"108":0,"109":0,"110":0,"111":0,"112":0,"113":0,"114":0,"115":0,"116":0,"117":0,"118":0,"119":1,"120":0,"121":0,"122":0,"123":0,"124":0,"125":0,"126":0,"127":0,"128":0,"129":0,"130":0,"131":0,"132":0,"133":0,"134":0,"135":0,"136":0,"137":0,"138":1,"139":0,"140":0,"141":0,"142":0,"143":0,"144":0,"145":0,"146":0,"147":0,"148":0,"149":0,"150":0,"151":0,"152":0,"153":0,"154":0,"155":0,"156":1,"157":0,"158":0,"159":0,"160":0,"161":0,"162":0,"163":0,"164":0,"165":0,"166":0,"167":0,"168":0,"169":0,"170":0,"171":0,"172":0,"173":0,"174":0,"175":0,"176":1,"177":0,"178":0,"179":0,"180":0,"181":0,"182":0,"183":0,"184":0,"185":0,"186":0,"187":0,"188":0,"189":1,"190":0,"191":0,"192":0,"193":0,"194":0,"195":0,"196":0,"197":0,"198":0,"199":0,"200":0,"201":0,"202":0,"203":0,"204":0,"205":0,"206":0,"207":0,"208":0,"209":0,"210":0,"211":0,"212":0,"213":0,"214":1,"215":1,"216":1,"217":0,"218":0,"219":0,"220":0,"221":0,"222":0,"223":0,"224":0,"225":0,"226":0,"227":0,"228":0,"229":0,"230":0,"231":0,"232":0,"233":0,"234":0,"235":0,"236":0,"237":0,"238":0,"239":0,"240":0,"241":0,"242":0,"243":0,"244":0,"245":0,"246":0,"247":0,"248":0,"249":0,"250":0,"251":0,"252":0,"253":0,"254":0,"255":0,"256":0,"257":0,"258":0,"259":0,"260":0,"261":0,"262":0,"263":0,"264":0,"265":0,"266":0,"267":0,"268":0,"269":0,"270":0,"271":0,"272":0,"273":0,"274":0,"275":0,"276":0,"277":0,"278":0,"279":0,"280":0,"281":0,"282":0,"283":0,"284":0,"285":0,"286":0,"287":0,"288":0,"289":0,"290":0,"291":0,"292":0,"293":0,"294":0,"295":0,"296":0,"297":0,"298":0,"299":0,"300":0,"301":0,"302":0,"303":0,"304":0,"305":0,"306":0,"307":0,"308":0,"309":0,"310":0,"311":0,"312":0,"313":0,"314":0,"315":1,"316":0,"317":0,"318":0,"319":0,"320":0,"321":0,"322":0,"323":1,"324":0,"325":0,"326":0,"327":0,"328":0,"329":0,"330":0,"331":0,"332":0,"333":1,"334":0,"335":0,"336":0,"337":0,"338":0,"339":0,"340":0,"341":0,"342":0,"343":5,"344":0,"345":0,"346":0,"347":0},"f":{"0":1,"1":1,"2":5,"3":0,"4":0,"5":1,"6":0,"7":0,"8":0,"9":0,"10":0,"11":0,"12":0,"13":1,"14":1,"15":0,"16":0,"17":0,"18":0,"19":1,"20":0,"21":0,"22":0,"23":0,"24":0,"25":0,"26":0,"27":0,"28":0,"29":0,"30":0,"31":0,"32":0,"33":0,"34":0,"35":0,"36":0,"37":0,"38":0,"39":0,"40":0,"41":0,"42":0,"43":0,"44":0,"45":0,"46":0,"47":0,"48":0,"49":0,"50":0,"51":0,"52":0,"53":0,"54":0,"55":0,"56":0,"57":0,"58":0,"59":1,"60":0,"61":0,"62":0,"63":0,"64":0,"65":0,"66":0,"67":0,"68":0,"69":0,"70":0,"71":0,"72":0,"73":0,"74":0,"75":0,"76":0,"77":0,"78":0,"79":0,"80":0,"81":0,"82":0,"83":0,"84":0,"85":0,"86":0,"87":0,"88":0,"89":0,"90":0,"91":0,"92":0,"93":0,"94":0,"95":0,"96":0,"97":0,"98":0,"99":0,"100":0,"101":0,"102":0,"103":0,"104":0,"105":0,"106":0,"107":0,"108":0,"109":0,"110":0,"111":0,"112":5,"113":0},"b":{"0":[1,0],"1":[0,0],"2":[0,0],"3":[0,0],"4":[0,0,0,0,0,0],"5":[0,0],"6":[0,0],"7":[0,0],"8":[0,0],"9":[0,0],"10":[0,0],"11":[0,0],"12":[0,0],"13":[1,0],"14":[1,0],"15":[1,0,0,0,0,0,0,0,0,0,0,0],"16":[0,0],"17":[0,0],"18":[0,0],"19":[0,0],"20":[0,0],"21":[0,0],"22":[0,0],"23":[0,0],"24":[0,0],"25":[0,0],"26":[0,0],"27":[0,0],"28":[0,0],"29":[0,0],"30":[0,0],"31":[0,0,0,0],"32":[0,0],"33":[0,0],"34":[0],"35":[0,0],"36":[0,0],"37":[0,0,0,0],"38":[0,0],"39":[0,0],"40":[0,0],"41":[0,0],"42":[0,0],"43":[0,0],"44":[0,0],"45":[0,0],"46":[0,0],"47":[0,0],"48":[0,0],"49":[0,0],"50":[0,0],"51":[0,0],"52":[0,0]},"_coverageSchema":"43e27e138ebf9cfc5966b082cf9a028302ed4184","hash":"7ca4ee57868893d5b639cc8caccb97ec143a40c1","contentHash":"ed02f8cbd6e57c97e29e55264090f27b7b856ec40e949d5a758ac8ec8d4f1118"},"/Users/christophertorres/projects/sdcs-slack-bot/server/bot.js":{"path":"/Users/christophertorres/projects/sdcs-slack-bot/server/bot.js","statementMap":{"0":{"start":{"line":3,"column":17},"end":{"line":3,"column":37}},"1":{"start":{"line":5,"column":10},"end":{"line":8,"column":2}},"2":{"start":{"line":10,"column":0},"end":{"line":10,"column":21}}},"fnMap":{},"branchMap":{},"s":{"0":1,"1":1,"2":1},"f":{},"b":{},"_coverageSchema":"43e27e138ebf9cfc5966b082cf9a028302ed4184","hash":"c8ec091d21e79a8738042415e9bc9d37562a3848","contentHash":"99282074c3ee30800834a72fae2a15a9ea5dc2f20797b6718a6f74a860bd6eb7"}}